Log file open, 04/07/20 20:05:48
LogWindows: Failed to load 'aqProf.dll' (GetLastError=126)
LogWindows: File 'aqProf.dll' does not exist
LogWindows: Failed to load 'VtuneApi.dll' (GetLastError=126)
LogWindows: File 'VtuneApi.dll' does not exist
LogWindows: Failed to load 'VtuneApi32e.dll' (GetLastError=126)
LogWindows: File 'VtuneApi32e.dll' does not exist
LogConsoleResponse: Display: Failed to find resolution value strings in scalability ini. Falling back to default.
LogInit: Display: Running engine for game: VFXGuide_Projectile_v1
LogPlatformFile: Not using cached read wrapper
LogTaskGraph: Started task graph with 5 named threads and 71 total threads with 3 sets of task threads.
LogStats: Stats thread started at 0.056059
LogD3D11RHI: Loaded GFSDK_Aftermath_Lib.x64.dll
LogICUInternationalization: ICU TimeZone Detection - Raw Offset: +0:00, Platform Override: ''
LogPluginManager: Mounting plugin Paper2D
LogPluginManager: Mounting plugin AISupport
LogPluginManager: Mounting plugin LightPropagationVolume
LogPluginManager: Mounting plugin ActorLayerUtilities
LogPluginManager: Mounting plugin AnimationSharing
LogPluginManager: Mounting plugin CLionSourceCodeAccess
LogPluginManager: Mounting plugin CodeLiteSourceCodeAccess
LogPluginManager: Mounting plugin GitSourceControl
LogPluginManager: Mounting plugin KDevelopSourceCodeAccess
LogPluginManager: Mounting plugin NullSourceCodeAccess
LogPluginManager: Mounting plugin PerforceSourceControl
LogPluginManager: Mounting plugin PlasticSourceControl
LogPluginManager: Mounting plugin SubversionSourceControl
LogPluginManager: Mounting plugin UObjectPlugin
LogPluginManager: Mounting plugin VisualStudioCodeSourceCodeAccess
LogPluginManager: Mounting plugin VisualStudioSourceCodeAccess
LogPluginManager: Mounting plugin XCodeSourceCodeAccess
LogPluginManager: Mounting plugin AssetManagerEditor
LogPluginManager: Mounting plugin CryptoKeys
LogPluginManager: Mounting plugin CurveEditorTools
LogPluginManager: Mounting plugin DataValidation
LogPluginManager: Mounting plugin FacialAnimation
LogPluginManager: Mounting plugin GameplayTagsEditor
LogPluginManager: Mounting plugin MacGraphicsSwitching
LogPluginManager: Mounting plugin MaterialAnalyzer
LogPluginManager: Mounting plugin MobileLauncherProfileWizard
LogPluginManager: Mounting plugin PluginBrowser
LogPluginManager: Mounting plugin SpeedTreeImporter
LogPluginManager: Mounting plugin DatasmithContent
LogPluginManager: Mounting plugin VariantManagerContent
LogPluginManager: Mounting plugin AlembicImporter
LogPluginManager: Mounting plugin AutomationUtils
LogPluginManager: Mounting plugin BackChannel
LogPluginManager: Mounting plugin CharacterAI
LogPluginManager: Mounting plugin GeometryCache
LogPluginManager: Mounting plugin PlatformCrypto
LogPluginManager: Mounting plugin ProxyLODPlugin
LogPluginManager: Mounting plugin SkeletalReduction
LogPluginManager: Mounting plugin Niagara
LogPluginManager: Mounting plugin NiagaraExtras
LogPluginManager: Mounting plugin MagicLeap
LogPluginManager: Mounting plugin MagicLeapMedia
LogPluginManager: Mounting plugin MLSDK
LogPluginManager: Mounting plugin AndroidMedia
LogPluginManager: Mounting plugin AvfMedia
LogPluginManager: Mounting plugin ImgMedia
LogPluginManager: Mounting plugin MediaCompositing
LogPluginManager: Mounting plugin MediaPlayerEditor
LogPluginManager: Mounting plugin WebMMedia
LogPluginManager: Mounting plugin WmfMedia
LogPluginManager: Mounting plugin TcpMessaging
LogPluginManager: Mounting plugin UdpMessaging
LogPluginManager: Mounting plugin ActorSequence
LogPluginManager: Mounting plugin LevelSequenceEditor
LogPluginManager: Mounting plugin MatineeToLevelSequence
LogPluginManager: Mounting plugin NetcodeUnitTest
LogPluginManager: Mounting plugin NUTUnrealEngine4
LogPluginManager: Mounting plugin OnlineSubsystemGooglePlay
LogPluginManager: Mounting plugin OnlineSubsystemIOS
LogPluginManager: Mounting plugin OnlineSubsystem
LogPluginManager: Mounting plugin OnlineSubsystemNull
LogPluginManager: Mounting plugin OnlineSubsystemUtils
LogPluginManager: Mounting plugin LauncherChunkInstaller
LogPluginManager: Mounting plugin AndroidDeviceProfileSelector
LogPluginManager: Mounting plugin AndroidMoviePlayer
LogPluginManager: Mounting plugin AndroidPermission
LogPluginManager: Mounting plugin AppleImageUtils
LogPluginManager: Mounting plugin AppleMoviePlayer
LogPluginManager: Mounting plugin ArchVisCharacter
LogPluginManager: Mounting plugin AssetTags
LogPluginManager: Mounting plugin AudioCapture
LogPluginManager: Mounting plugin CableComponent
LogPluginManager: Mounting plugin CustomMeshComponent
LogPluginManager: Mounting plugin EditableMesh
LogPluginManager: Mounting plugin ExampleDeviceProfileSelector
LogPluginManager: Mounting plugin GoogleCloudMessaging
LogPluginManager: Mounting plugin IOSDeviceProfileSelector
LogPluginManager: Mounting plugin LinuxDeviceProfileSelector
LogPluginManager: Mounting plugin LocationServicesBPLibrary
LogPluginManager: Mounting plugin MobilePatchingUtils
LogPluginManager: Mounting plugin OculusVR
LogPluginManager: Mounting plugin PhysXVehicles
LogPluginManager: Mounting plugin PostSplashScreen
LogPluginManager: Mounting plugin ProceduralMeshComponent
LogPluginManager: Mounting plugin RuntimePhysXCooking
LogPluginManager: Mounting plugin SignificanceManager
LogPluginManager: Mounting plugin SteamVR
LogPluginManager: Mounting plugin WebMMoviePlayer
LogPluginManager: Mounting plugin WindowsMoviePlayer
LogPluginManager: Mounting plugin ScreenshotTools
LogInit: Using libcurl 7.55.1-DEV
LogInit:  - built for x86_64-pc-win32
LogInit:  - supports SSL with OpenSSL/1.1.1
LogInit:  - supports HTTP deflate (compression) using libz 1.2.8
LogInit:  - other features:
LogInit:      CURL_VERSION_SSL
LogInit:      CURL_VERSION_LIBZ
LogInit:      CURL_VERSION_IPV6
LogInit:      CURL_VERSION_ASYNCHDNS
LogInit:      CURL_VERSION_LARGEFILE
LogInit:      CURL_VERSION_IDN
LogInit:  CurlRequestOptions (configurable via config and command line):
LogInit:  - bVerifyPeer = true  - Libcurl will verify peer certificate
LogInit:  - bUseHttpProxy = false  - Libcurl will NOT use HTTP proxy
LogInit:  - bDontReuseConnections = false  - Libcurl will reuse connections
LogInit:  - MaxHostConnections = 16  - Libcurl will limit the number of connections to a host
LogInit:  - LocalHostAddr = Default
LogInit:  - BufferSize = 65536
LogOnline: OSS: Creating online subsystem instance for: NULL
LogInit: WinSock: version 1.1 (2.2), MaxSocks=32767, MaxUdp=65467
LogOnline: OSS: TryLoadSubsystemAndSetDefault: Loaded subsystem for module [NULL]
LogInit: Build: ++UE4+Release-4.24-CL-11590370
LogInit: Engine Version: 4.24.3-11590370+++UE4+Release-4.24
LogInit: Compatible Engine Version: 4.24.0-10570792+++UE4+Release-4.24
LogInit: Net CL: 10570792
LogInit: OS: Windows 10 (Release 1909) (), CPU: AMD Ryzen 9 3900X 12-Core Processor            , GPU: NVIDIA GeForce GTX 1080 Ti
LogInit: Compiled (64-bit): Feb 24 2020 15:39:18
LogInit: Compiled with Visual C++: 19.16.27032.01
LogInit: Build Configuration: Development
LogInit: Branch Name: ++UE4+Release-4.24
LogInit: Command Line: 
LogInit: Base Directory: G:/Program Files/Epic Games/UE_4.24/Engine/Binaries/Win64/
LogInit: Installed Engine Build: 1
LogDevObjectVersion: Number of dev versions registered: 25
LogDevObjectVersion:   Dev-Blueprints (B0D832E4-1F89-4F0D-ACCF-7EB736FD4AA2): 10
LogDevObjectVersion:   Dev-Build (E1C64328-A22C-4D53-A36C-8E866417BD8C): 0
LogDevObjectVersion:   Dev-Core (375EC13C-06E4-48FB-B500-84F0262A717E): 3
LogDevObjectVersion:   Dev-Editor (E4B068ED-F494-42E9-A231-DA0B2E46BB41): 37
LogDevObjectVersion:   Dev-Framework (CFFC743F-43B0-4480-9391-14DF171D2073): 36
LogDevObjectVersion:   Dev-Mobile (B02B49B5-BB20-44E9-A304-32B752E40360): 2
LogDevObjectVersion:   Dev-Networking (A4E4105C-59A1-49B5-A7C5-40C4547EDFEE): 0
LogDevObjectVersion:   Dev-Online (39C831C9-5AE6-47DC-9A44-9C173E1C8E7C): 0
LogDevObjectVersion:   Dev-Physics (78F01B33-EBEA-4F98-B9B4-84EACCB95AA2): 2
LogDevObjectVersion:   Dev-Platform (6631380F-2D4D-43E0-8009-CF276956A95A): 0
LogDevObjectVersion:   Dev-Rendering (12F88B9F-8875-4AFC-A67C-D90C383ABD29): 36
LogDevObjectVersion:   Dev-Sequencer (7B5AE74C-D270-4C10-A958-57980B212A5A): 11
LogDevObjectVersion:   Dev-VR (D7296918-1DD6-4BDD-9DE2-64A83CC13884): 2
LogDevObjectVersion:   Dev-LoadTimes (C2A15278-BFE7-4AFE-6C17-90FF531DF755): 1
LogDevObjectVersion:   Private-Geometry (6EACA3D4-40EC-4CC1-B786-8BED09428FC5): 3
LogDevObjectVersion:   Dev-AnimPhys (29E575DD-E0A3-4627-9D10-D276232CDCEA): 17
LogDevObjectVersion:   Dev-Anim (AF43A65D-7FD3-4947-9873-3E8ED9C1BB05): 2
LogDevObjectVersion:   Dev-ReflectionCapture (6B266CEC-1EC7-4B8F-A30B-E4D90942FC07): 1
LogDevObjectVersion:   Dev-Automation (0DF73D61-A23F-47EA-B727-89E90C41499A): 1
LogDevObjectVersion:   FortniteMain (601D1886-AC64-4F84-AA16-D3DE0DEAC7D6): 31
LogDevObjectVersion:   Dev-Enterprise (9DFFBCD6-494F-0158-E221-12823C92A888): 8
LogDevObjectVersion:   Dev-Niagara (F2AED0AC-9AFE-416F-8664-AA7FFA26D6FC): 1
LogDevObjectVersion:   Dev-Destruction (174F1F0B-B4C6-45A5-B13F-2EE8D0FB917D): 9
LogDevObjectVersion:   Dev-Physics-Ext (35F94A83-E258-406C-A318-09F59610247C): 8
LogDevObjectVersion:   Dev-CineCamera (B2E18506-4273-CFC2-A54E-F4BB758BBA07): 1
LogInit: Presizing for max 25165824 objects, including 0 objects not considered by GC, pre-allocating 0 bytes for permanent pool.
LogInit: Object subsystem initialized
LogConfig: Setting CVar [[con.DebugEarlyDefault:1]]
LogConfig: Setting CVar [[r.setres:1280x720]]
[2020.04.07-19.05.49:124][  0]LogConfig: Setting CVar [[r.VSync:0]]
[2020.04.07-19.05.49:124][  0]LogConfig: Setting CVar [[r.RHICmdBypass:0]]
[2020.04.07-19.05.49:124][  0]LogConfig: Applying CVar settings from Section [/Script/Engine.RendererSettings] File [F:/YouTube/Unreal Projects/VFXGuide_Projectile_v1/Saved/Config/Windows/Engine.ini]
[2020.04.07-19.05.49:124][  0]LogConfig: Setting CVar [[r.GPUCrashDebugging:0]]
[2020.04.07-19.05.49:124][  0]LogConfig: Applying CVar settings from Section [/Script/Engine.RendererOverrideSettings] File [F:/YouTube/Unreal Projects/VFXGuide_Projectile_v1/Saved/Config/Windows/Engine.ini]
[2020.04.07-19.05.49:124][  0]LogConfig: Applying CVar settings from Section [/Script/Engine.StreamingSettings] File [F:/YouTube/Unreal Projects/VFXGuide_Projectile_v1/Saved/Config/Windows/Engine.ini]
[2020.04.07-19.05.49:124][  0]LogConfig: Setting CVar [[s.MinBulkDataSizeForAsyncLoading:131072]]
[2020.04.07-19.05.49:124][  0]LogConfig: Setting CVar [[s.AsyncLoadingThreadEnabled:0]]
[2020.04.07-19.05.49:124][  0]LogConfig: Setting CVar [[s.EventDrivenLoaderEnabled:1]]
[2020.04.07-19.05.49:124][  0]LogConfig: Setting CVar [[s.WarnIfTimeLimitExceeded:0]]
[2020.04.07-19.05.49:124][  0]LogConfig: Setting CVar [[s.TimeLimitExceededMultiplier:1.5]]
[2020.04.07-19.05.49:124][  0]LogConfig: Setting CVar [[s.TimeLimitExceededMinTime:0.005]]
[2020.04.07-19.05.49:124][  0]LogConfig: Setting CVar [[s.UseBackgroundLevelStreaming:1]]
[2020.04.07-19.05.49:124][  0]LogConfig: Setting CVar [[s.PriorityAsyncLoadingExtraTime:15.0]]
[2020.04.07-19.05.49:124][  0]LogConfig: Setting CVar [[s.LevelStreamingActorsUpdateTimeLimit:5.0]]
[2020.04.07-19.05.49:124][  0]LogConfig: Setting CVar [[s.PriorityLevelStreamingActorsUpdateExtraTime:5.0]]
[2020.04.07-19.05.49:124][  0]LogConfig: Setting CVar [[s.LevelStreamingComponentsRegistrationGranularity:10]]
[2020.04.07-19.05.49:125][  0]LogConfig: Setting CVar [[s.UnregisterComponentsTimeLimit:1.0]]
[2020.04.07-19.05.49:125][  0]LogConfig: Setting CVar [[s.LevelStreamingComponentsUnregistrationGranularity:5]]
[2020.04.07-19.05.49:125][  0]LogConfig: Setting CVar [[s.FlushStreamingOnExit:1]]
[2020.04.07-19.05.49:125][  0]LogConfig: Applying CVar settings from Section [/Script/Engine.GarbageCollectionSettings] File [F:/YouTube/Unreal Projects/VFXGuide_Projectile_v1/Saved/Config/Windows/Engine.ini]
[2020.04.07-19.05.49:125][  0]LogConfig: Setting CVar [[gc.MaxObjectsNotConsideredByGC:1]]
[2020.04.07-19.05.49:125][  0]LogConfig: Setting CVar [[gc.SizeOfPermanentObjectPool:0]]
[2020.04.07-19.05.49:125][  0]LogConfig: Setting CVar [[gc.FlushStreamingOnGC:0]]
[2020.04.07-19.05.49:125][  0]LogConfig: Setting CVar [[gc.NumRetriesBeforeForcingGC:10]]
[2020.04.07-19.05.49:125][  0]LogConfig: Setting CVar [[gc.AllowParallelGC:1]]
[2020.04.07-19.05.49:125][  0]LogConfig: Setting CVar [[gc.TimeBetweenPurgingPendingKillObjects:61.1]]
[2020.04.07-19.05.49:125][  0]LogConfig: Setting CVar [[gc.MaxObjectsInEditor:25165824]]
[2020.04.07-19.05.49:125][  0]LogConfig: Setting CVar [[gc.IncrementalBeginDestroyEnabled:1]]
[2020.04.07-19.05.49:125][  0]LogConfig: Setting CVar [[gc.CreateGCClusters:1]]
[2020.04.07-19.05.49:125][  0]LogConfig: Setting CVar [[gc.MinGCClusterSize:5]]
[2020.04.07-19.05.49:125][  0]LogConfig: Setting CVar [[gc.ActorClusteringEnabled:0]]
[2020.04.07-19.05.49:125][  0]LogConfig: Setting CVar [[gc.BlueprintClusteringEnabled:0]]
[2020.04.07-19.05.49:125][  0]LogConfig: Setting CVar [[gc.UseDisregardForGCOnDedicatedServers:0]]
[2020.04.07-19.05.49:125][  0]LogConfig: Applying CVar settings from Section [/Script/Engine.NetworkSettings] File [F:/YouTube/Unreal Projects/VFXGuide_Projectile_v1/Saved/Config/Windows/Engine.ini]
[2020.04.07-19.05.49:125][  0]LogConfig: Applying CVar settings from Section [/Script/UnrealEd.CookerSettings] File [F:/YouTube/Unreal Projects/VFXGuide_Projectile_v1/Saved/Config/Windows/Engine.ini]
[2020.04.07-19.05.49:129][  0]LogConfig: Applying CVar settings from Section [ViewDistanceQuality@3] File [F:/YouTube/Unreal Projects/VFXGuide_Projectile_v1/Saved/Config/Windows/Scalability.ini]
[2020.04.07-19.05.49:130][  0]LogConfig: Setting CVar [[r.SkeletalMeshLODBias:0]]
[2020.04.07-19.05.49:130][  0]LogConfig: Setting CVar [[r.ViewDistanceScale:1.0]]
[2020.04.07-19.05.49:130][  0]LogConfig: Applying CVar settings from Section [AntiAliasingQuality@3] File [F:/YouTube/Unreal Projects/VFXGuide_Projectile_v1/Saved/Config/Windows/Scalability.ini]
[2020.04.07-19.05.49:130][  0]LogConfig: Setting CVar [[r.PostProcessAAQuality:4]]
[2020.04.07-19.05.49:130][  0]LogConfig: Applying CVar settings from Section [ShadowQuality@3] File [F:/YouTube/Unreal Projects/VFXGuide_Projectile_v1/Saved/Config/Windows/Scalability.ini]
[2020.04.07-19.05.49:130][  0]LogConfig: Setting CVar [[r.LightFunctionQuality:1]]
[2020.04.07-19.05.49:130][  0]LogConfig: Setting CVar [[r.ShadowQuality:5]]
[2020.04.07-19.05.49:130][  0]LogConfig: Setting CVar [[r.Shadow.CSM.MaxCascades:10]]
[2020.04.07-19.05.49:130][  0]LogConfig: Setting CVar [[r.Shadow.MaxResolution:2048]]
[2020.04.07-19.05.49:130][  0]LogConfig: Setting CVar [[r.Shadow.MaxCSMResolution:2048]]
[2020.04.07-19.05.49:130][  0]LogConfig: Setting CVar [[r.Shadow.RadiusThreshold:0.01]]
[2020.04.07-19.05.49:130][  0]LogConfig: Setting CVar [[r.Shadow.DistanceScale:1.0]]
[2020.04.07-19.05.49:130][  0]LogConfig: Setting CVar [[r.Shadow.CSM.TransitionScale:1.0]]
[2020.04.07-19.05.49:130][  0]LogConfig: Setting CVar [[r.Shadow.PreShadowResolutionFactor:1.0]]
[2020.04.07-19.05.49:130][  0]LogConfig: Setting CVar [[r.DistanceFieldShadowing:1]]
[2020.04.07-19.05.49:130][  0]LogConfig: Setting CVar [[r.DistanceFieldAO:1]]
[2020.04.07-19.05.49:130][  0]LogConfig: Setting CVar [[r.AOQuality:2]]
[2020.04.07-19.05.49:130][  0]LogConfig: Setting CVar [[r.VolumetricFog:1]]
[2020.04.07-19.05.49:130][  0]LogConfig: Setting CVar [[r.VolumetricFog.GridPixelSize:8]]
[2020.04.07-19.05.49:130][  0]LogConfig: Setting CVar [[r.VolumetricFog.GridSizeZ:128]]
[2020.04.07-19.05.49:130][  0]LogConfig: Setting CVar [[r.VolumetricFog.HistoryMissSupersampleCount:4]]
[2020.04.07-19.05.49:130][  0]LogConfig: Setting CVar [[r.LightMaxDrawDistanceScale:1]]
[2020.04.07-19.05.49:130][  0]LogConfig: Setting CVar [[r.CapsuleShadows:1]]
[2020.04.07-19.05.49:130][  0]LogConfig: Applying CVar settings from Section [PostProcessQuality@3] File [F:/YouTube/Unreal Projects/VFXGuide_Projectile_v1/Saved/Config/Windows/Scalability.ini]
[2020.04.07-19.05.49:130][  0]LogConfig: Setting CVar [[r.MotionBlurQuality:4]]
[2020.04.07-19.05.49:130][  0]LogConfig: Setting CVar [[r.AmbientOcclusionMipLevelFactor:0.4]]
[2020.04.07-19.05.49:130][  0]LogConfig: Setting CVar [[r.AmbientOcclusionMaxQuality:100]]
[2020.04.07-19.05.49:130][  0]LogConfig: Setting CVar [[r.AmbientOcclusionLevels:-1]]
[2020.04.07-19.05.49:130][  0]LogConfig: Setting CVar [[r.AmbientOcclusionRadiusScale:1.0]]
[2020.04.07-19.05.49:130][  0]LogConfig: Setting CVar [[r.DepthOfFieldQuality:2]]
[2020.04.07-19.05.49:130][  0]LogConfig: Setting CVar [[r.RenderTargetPoolMin:400]]
[2020.04.07-19.05.49:130][  0]LogConfig: Setting CVar [[r.LensFlareQuality:2]]
[2020.04.07-19.05.49:130][  0]LogConfig: Setting CVar [[r.SceneColorFringeQuality:1]]
[2020.04.07-19.05.49:130][  0]LogConfig: Setting CVar [[r.EyeAdaptationQuality:2]]
[2020.04.07-19.05.49:130][  0]LogConfig: Setting CVar [[r.BloomQuality:5]]
[2020.04.07-19.05.49:130][  0]LogConfig: Setting CVar [[r.FastBlurThreshold:100]]
[2020.04.07-19.05.49:130][  0]LogConfig: Setting CVar [[r.Upscale.Quality:3]]
[2020.04.07-19.05.49:130][  0]LogConfig: Setting CVar [[r.Tonemapper.GrainQuantization:1]]
[2020.04.07-19.05.49:130][  0]LogConfig: Setting CVar [[r.LightShaftQuality:1]]
[2020.04.07-19.05.49:130][  0]LogConfig: Setting CVar [[r.Filter.SizeScale:1]]
[2020.04.07-19.05.49:130][  0]LogConfig: Setting CVar [[r.Tonemapper.Quality:5]]
[2020.04.07-19.05.49:130][  0]LogConfig: Setting CVar [[r.DOF.Gather.AccumulatorQuality:1        ; higher gathering accumulator quality]]
[2020.04.07-19.05.49:130][  0]LogConfig: Setting CVar [[r.DOF.Gather.PostfilterMethod:1          ; Median3x3 postfilering method]]
[2020.04.07-19.05.49:130][  0]LogConfig: Setting CVar [[r.DOF.Gather.EnableBokehSettings:0       ; no bokeh simulation when gathering]]
[2020.04.07-19.05.49:130][  0]LogConfig: Setting CVar [[r.DOF.Gather.RingCount:4                 ; medium number of samples when gathering]]
[2020.04.07-19.05.49:130][  0]LogConfig: Setting CVar [[r.DOF.Scatter.ForegroundCompositing:1    ; additive foreground scattering]]
[2020.04.07-19.05.49:130][  0]LogConfig: Setting CVar [[r.DOF.Scatter.BackgroundCompositing:2    ; additive background scattering]]
[2020.04.07-19.05.49:130][  0]LogConfig: Setting CVar [[r.DOF.Scatter.EnableBokehSettings:1      ; bokeh simulation when scattering]]
[2020.04.07-19.05.49:130][  0]LogConfig: Setting CVar [[r.DOF.Scatter.MaxSpriteRatio:0.1         ; only a maximum of 10% of scattered bokeh]]
[2020.04.07-19.05.49:130][  0]LogConfig: Setting CVar [[r.DOF.Recombine.Quality:1                ; cheap slight out of focus]]
[2020.04.07-19.05.49:130][  0]LogConfig: Setting CVar [[r.DOF.Recombine.EnableBokehSettings:0    ; no bokeh simulation on slight out of focus]]
[2020.04.07-19.05.49:130][  0]LogConfig: Setting CVar [[r.DOF.TemporalAAQuality:1                ; more stable temporal accumulation]]
[2020.04.07-19.05.49:130][  0]LogConfig: Setting CVar [[r.DOF.Kernel.MaxForegroundRadius:0.025]]
[2020.04.07-19.05.49:130][  0]LogConfig: Setting CVar [[r.DOF.Kernel.MaxBackgroundRadius:0.025]]
[2020.04.07-19.05.49:130][  0]LogConfig: Applying CVar settings from Section [TextureQuality@3] File [F:/YouTube/Unreal Projects/VFXGuide_Projectile_v1/Saved/Config/Windows/Scalability.ini]
[2020.04.07-19.05.49:130][  0]LogConfig: Setting CVar [[r.Streaming.MipBias:0]]
[2020.04.07-19.05.49:130][  0]LogConfig: Setting CVar [[r.Streaming.AmortizeCPUToGPUCopy:0]]
[2020.04.07-19.05.49:130][  0]LogConfig: Setting CVar [[r.Streaming.MaxNumTexturesToStreamPerFrame:0]]
[2020.04.07-19.05.49:130][  0]LogConfig: Setting CVar [[r.Streaming.Boost:1]]
[2020.04.07-19.05.49:130][  0]LogConfig: Setting CVar [[r.MaxAnisotropy:8]]
[2020.04.07-19.05.49:130][  0]LogConfig: Setting CVar [[r.VT.MaxAnisotropy:8]]
[2020.04.07-19.05.49:130][  0]LogConfig: Setting CVar [[r.Streaming.LimitPoolSizeToVRAM:0]]
[2020.04.07-19.05.49:130][  0]LogConfig: Setting CVar [[r.Streaming.PoolSize:1000]]
[2020.04.07-19.05.49:131][  0]LogConfig: Setting CVar [[r.Streaming.MaxEffectiveScreenSize:0]]
[2020.04.07-19.05.49:131][  0]LogConfig: Applying CVar settings from Section [EffectsQuality@3] File [F:/YouTube/Unreal Projects/VFXGuide_Projectile_v1/Saved/Config/Windows/Scalability.ini]
[2020.04.07-19.05.49:131][  0]LogConfig: Setting CVar [[r.TranslucencyLightingVolumeDim:64]]
[2020.04.07-19.05.49:131][  0]LogConfig: Setting CVar [[r.RefractionQuality:2]]
[2020.04.07-19.05.49:131][  0]LogConfig: Setting CVar [[r.SSR.Quality:3]]
[2020.04.07-19.05.49:131][  0]LogConfig: Setting CVar [[r.SSR.HalfResSceneColor:0]]
[2020.04.07-19.05.49:131][  0]LogConfig: Setting CVar [[r.SceneColorFormat:4]]
[2020.04.07-19.05.49:131][  0]LogConfig: Setting CVar [[r.DetailMode:2]]
[2020.04.07-19.05.49:131][  0]LogConfig: Setting CVar [[r.TranslucencyVolumeBlur:1]]
[2020.04.07-19.05.49:131][  0]LogConfig: Setting CVar [[r.MaterialQualityLevel:1 ; High quality]]
[2020.04.07-19.05.49:131][  0]LogConfig: Setting CVar [[r.SSS.Scale:1]]
[2020.04.07-19.05.49:131][  0]LogConfig: Setting CVar [[r.SSS.SampleSet:2]]
[2020.04.07-19.05.49:131][  0]LogConfig: Setting CVar [[r.SSS.Quality:1]]
[2020.04.07-19.05.49:131][  0]LogConfig: Setting CVar [[r.SSS.HalfRes:1]]
[2020.04.07-19.05.49:131][  0]LogConfig: Setting CVar [[r.SSGI.Quality:3]]
[2020.04.07-19.05.49:131][  0]LogConfig: Setting CVar [[r.EmitterSpawnRateScale:1.0]]
[2020.04.07-19.05.49:131][  0]LogConfig: Setting CVar [[r.ParticleLightQuality:2]]
[2020.04.07-19.05.49:131][  0]LogConfig: Setting CVar [[r.SkyAtmosphere.AerialPerspectiveLUT.FastApplyOnOpaque:1 ; Always have FastSkyLUT 1 in this case to avoid wrong sky]]
[2020.04.07-19.05.49:131][  0]LogConfig: Setting CVar [[r.SkyAtmosphere.AerialPerspectiveLUT.SampleCountPerSlice:1]]
[2020.04.07-19.05.49:131][  0]LogConfig: Setting CVar [[r.SkyAtmosphere.AerialPerspectiveLUT.DepthResolution:16.0]]
[2020.04.07-19.05.49:131][  0]LogConfig: Setting CVar [[r.SkyAtmosphere.FastSkyLUT:1]]
[2020.04.07-19.05.49:131][  0]LogConfig: Setting CVar [[r.SkyAtmosphere.FastSkyLUT.SampleCountMin:4.0]]
[2020.04.07-19.05.49:131][  0]LogConfig: Setting CVar [[r.SkyAtmosphere.FastSkyLUT.SampleCountMax:32.0]]
[2020.04.07-19.05.49:131][  0]LogConfig: Setting CVar [[r.SkyAtmosphere.SampleCountMin:4.0]]
[2020.04.07-19.05.49:131][  0]LogConfig: Setting CVar [[r.SkyAtmosphere.SampleCountMax:32.0]]
[2020.04.07-19.05.49:131][  0]LogConfig: Setting CVar [[r.SkyAtmosphere.TransmittanceLUT.UseSmallFormat:0]]
[2020.04.07-19.05.49:131][  0]LogConfig: Setting CVar [[r.SkyAtmosphere.TransmittanceLUT.SampleCount:10.0]]
[2020.04.07-19.05.49:131][  0]LogConfig: Setting CVar [[r.SkyAtmosphere.MultiScatteringLUT.SampleCount:15.0]]
[2020.04.07-19.05.49:131][  0]LogConfig: Applying CVar settings from Section [FoliageQuality@3] File [F:/YouTube/Unreal Projects/VFXGuide_Projectile_v1/Saved/Config/Windows/Scalability.ini]
[2020.04.07-19.05.49:131][  0]LogConfig: Setting CVar [[foliage.DensityScale:1.0]]
[2020.04.07-19.05.49:131][  0]LogConfig: Setting CVar [[grass.DensityScale:1.0]]
[2020.04.07-19.05.49:131][  0]LogConfig: Applying CVar settings from Section [ShadingQuality@3] File [F:/YouTube/Unreal Projects/VFXGuide_Projectile_v1/Saved/Config/Windows/Scalability.ini]
[2020.04.07-19.05.49:131][  0]LogConfig: Setting CVar [[r.HairStrands.SkyLighting.SampleCount:16]]
[2020.04.07-19.05.49:131][  0]LogConfig: Setting CVar [[r.HairStrands.SkyLighting.JitterIntegration:0]]
[2020.04.07-19.05.49:131][  0]LogConfig: Setting CVar [[r.HairStrands.SkyAO.SampleCount:16]]
[2020.04.07-19.05.49:131][  0]LogInit: Selected Device Profile: [Windows]
[2020.04.07-19.05.49:131][  0]LogInit: Applying CVar settings loaded from the selected device profile: [Windows]
[2020.04.07-19.05.49:133][  0]LogHAL: Display: Platform has ~ 32 GB [34307080192 / 34359738368 / 32], which maps to Largest [LargestMinGB=32, LargerMinGB=12, DefaultMinGB=8, SmallerMinGB=6, SmallestMinGB=0)
[2020.04.07-19.05.49:133][  0]LogInit: Going up to parent DeviceProfile []
[2020.04.07-19.05.49:133][  0]LogConfig: Applying CVar settings from Section [ViewDistanceQuality@3] File [F:/YouTube/Unreal Projects/VFXGuide_Projectile_v1/Saved/Config/Windows/Scalability.ini]
[2020.04.07-19.05.49:134][  0]LogConfig: Setting CVar [[r.SkeletalMeshLODBias:0]]
[2020.04.07-19.05.49:134][  0]LogConfig: Setting CVar [[r.ViewDistanceScale:1.0]]
[2020.04.07-19.05.49:134][  0]LogConfig: Applying CVar settings from Section [AntiAliasingQuality@3] File [F:/YouTube/Unreal Projects/VFXGuide_Projectile_v1/Saved/Config/Windows/Scalability.ini]
[2020.04.07-19.05.49:134][  0]LogConfig: Setting CVar [[r.PostProcessAAQuality:4]]
[2020.04.07-19.05.49:134][  0]LogConfig: Applying CVar settings from Section [ShadowQuality@3] File [F:/YouTube/Unreal Projects/VFXGuide_Projectile_v1/Saved/Config/Windows/Scalability.ini]
[2020.04.07-19.05.49:134][  0]LogConfig: Setting CVar [[r.LightFunctionQuality:1]]
[2020.04.07-19.05.49:134][  0]LogConfig: Setting CVar [[r.ShadowQuality:5]]
[2020.04.07-19.05.49:134][  0]LogConfig: Setting CVar [[r.Shadow.CSM.MaxCascades:10]]
[2020.04.07-19.05.49:134][  0]LogConfig: Setting CVar [[r.Shadow.MaxResolution:2048]]
[2020.04.07-19.05.49:134][  0]LogConfig: Setting CVar [[r.Shadow.MaxCSMResolution:2048]]
[2020.04.07-19.05.49:134][  0]LogConfig: Setting CVar [[r.Shadow.RadiusThreshold:0.01]]
[2020.04.07-19.05.49:134][  0]LogConfig: Setting CVar [[r.Shadow.DistanceScale:1.0]]
[2020.04.07-19.05.49:134][  0]LogConfig: Setting CVar [[r.Shadow.CSM.TransitionScale:1.0]]
[2020.04.07-19.05.49:134][  0]LogConfig: Setting CVar [[r.Shadow.PreShadowResolutionFactor:1.0]]
[2020.04.07-19.05.49:134][  0]LogConfig: Setting CVar [[r.DistanceFieldShadowing:1]]
[2020.04.07-19.05.49:134][  0]LogConfig: Setting CVar [[r.DistanceFieldAO:1]]
[2020.04.07-19.05.49:134][  0]LogConfig: Setting CVar [[r.AOQuality:2]]
[2020.04.07-19.05.49:134][  0]LogConfig: Setting CVar [[r.VolumetricFog:1]]
[2020.04.07-19.05.49:134][  0]LogConfig: Setting CVar [[r.VolumetricFog.GridPixelSize:8]]
[2020.04.07-19.05.49:134][  0]LogConfig: Setting CVar [[r.VolumetricFog.GridSizeZ:128]]
[2020.04.07-19.05.49:134][  0]LogConfig: Setting CVar [[r.VolumetricFog.HistoryMissSupersampleCount:4]]
[2020.04.07-19.05.49:134][  0]LogConfig: Setting CVar [[r.LightMaxDrawDistanceScale:1]]
[2020.04.07-19.05.49:134][  0]LogConfig: Setting CVar [[r.CapsuleShadows:1]]
[2020.04.07-19.05.49:134][  0]LogConfig: Applying CVar settings from Section [PostProcessQuality@3] File [F:/YouTube/Unreal Projects/VFXGuide_Projectile_v1/Saved/Config/Windows/Scalability.ini]
[2020.04.07-19.05.49:134][  0]LogConfig: Setting CVar [[r.MotionBlurQuality:4]]
[2020.04.07-19.05.49:134][  0]LogConfig: Setting CVar [[r.AmbientOcclusionMipLevelFactor:0.4]]
[2020.04.07-19.05.49:134][  0]LogConfig: Setting CVar [[r.AmbientOcclusionMaxQuality:100]]
[2020.04.07-19.05.49:134][  0]LogConfig: Setting CVar [[r.AmbientOcclusionLevels:-1]]
[2020.04.07-19.05.49:134][  0]LogConfig: Setting CVar [[r.AmbientOcclusionRadiusScale:1.0]]
[2020.04.07-19.05.49:134][  0]LogConfig: Setting CVar [[r.DepthOfFieldQuality:2]]
[2020.04.07-19.05.49:134][  0]LogConfig: Setting CVar [[r.RenderTargetPoolMin:400]]
[2020.04.07-19.05.49:134][  0]LogConfig: Setting CVar [[r.LensFlareQuality:2]]
[2020.04.07-19.05.49:134][  0]LogConfig: Setting CVar [[r.SceneColorFringeQuality:1]]
[2020.04.07-19.05.49:134][  0]LogConfig: Setting CVar [[r.EyeAdaptationQuality:2]]
[2020.04.07-19.05.49:134][  0]LogConfig: Setting CVar [[r.BloomQuality:5]]
[2020.04.07-19.05.49:134][  0]LogConfig: Setting CVar [[r.FastBlurThreshold:100]]
[2020.04.07-19.05.49:134][  0]LogConfig: Setting CVar [[r.Upscale.Quality:3]]
[2020.04.07-19.05.49:134][  0]LogConfig: Setting CVar [[r.Tonemapper.GrainQuantization:1]]
[2020.04.07-19.05.49:134][  0]LogConfig: Setting CVar [[r.LightShaftQuality:1]]
[2020.04.07-19.05.49:134][  0]LogConfig: Setting CVar [[r.Filter.SizeScale:1]]
[2020.04.07-19.05.49:134][  0]LogConfig: Setting CVar [[r.Tonemapper.Quality:5]]
[2020.04.07-19.05.49:134][  0]LogConfig: Setting CVar [[r.DOF.Gather.AccumulatorQuality:1        ; higher gathering accumulator quality]]
[2020.04.07-19.05.49:134][  0]LogConfig: Setting CVar [[r.DOF.Gather.PostfilterMethod:1          ; Median3x3 postfilering method]]
[2020.04.07-19.05.49:134][  0]LogConfig: Setting CVar [[r.DOF.Gather.EnableBokehSettings:0       ; no bokeh simulation when gathering]]
[2020.04.07-19.05.49:134][  0]LogConfig: Setting CVar [[r.DOF.Gather.RingCount:4                 ; medium number of samples when gathering]]
[2020.04.07-19.05.49:134][  0]LogConfig: Setting CVar [[r.DOF.Scatter.ForegroundCompositing:1    ; additive foreground scattering]]
[2020.04.07-19.05.49:134][  0]LogConfig: Setting CVar [[r.DOF.Scatter.BackgroundCompositing:2    ; additive background scattering]]
[2020.04.07-19.05.49:134][  0]LogConfig: Setting CVar [[r.DOF.Scatter.EnableBokehSettings:1      ; bokeh simulation when scattering]]
[2020.04.07-19.05.49:134][  0]LogConfig: Setting CVar [[r.DOF.Scatter.MaxSpriteRatio:0.1         ; only a maximum of 10% of scattered bokeh]]
[2020.04.07-19.05.49:134][  0]LogConfig: Setting CVar [[r.DOF.Recombine.Quality:1                ; cheap slight out of focus]]
[2020.04.07-19.05.49:134][  0]LogConfig: Setting CVar [[r.DOF.Recombine.EnableBokehSettings:0    ; no bokeh simulation on slight out of focus]]
[2020.04.07-19.05.49:134][  0]LogConfig: Setting CVar [[r.DOF.TemporalAAQuality:1                ; more stable temporal accumulation]]
[2020.04.07-19.05.49:134][  0]LogConfig: Setting CVar [[r.DOF.Kernel.MaxForegroundRadius:0.025]]
[2020.04.07-19.05.49:134][  0]LogConfig: Setting CVar [[r.DOF.Kernel.MaxBackgroundRadius:0.025]]
[2020.04.07-19.05.49:134][  0]LogConfig: Applying CVar settings from Section [TextureQuality@3] File [F:/YouTube/Unreal Projects/VFXGuide_Projectile_v1/Saved/Config/Windows/Scalability.ini]
[2020.04.07-19.05.49:134][  0]LogConfig: Setting CVar [[r.Streaming.MipBias:0]]
[2020.04.07-19.05.49:134][  0]LogConfig: Setting CVar [[r.Streaming.AmortizeCPUToGPUCopy:0]]
[2020.04.07-19.05.49:134][  0]LogConfig: Setting CVar [[r.Streaming.MaxNumTexturesToStreamPerFrame:0]]
[2020.04.07-19.05.49:134][  0]LogConfig: Setting CVar [[r.Streaming.Boost:1]]
[2020.04.07-19.05.49:134][  0]LogConfig: Setting CVar [[r.MaxAnisotropy:8]]
[2020.04.07-19.05.49:134][  0]LogConfig: Setting CVar [[r.VT.MaxAnisotropy:8]]
[2020.04.07-19.05.49:134][  0]LogConfig: Setting CVar [[r.Streaming.LimitPoolSizeToVRAM:0]]
[2020.04.07-19.05.49:134][  0]LogConfig: Setting CVar [[r.Streaming.PoolSize:1000]]
[2020.04.07-19.05.49:134][  0]LogConfig: Setting CVar [[r.Streaming.MaxEffectiveScreenSize:0]]
[2020.04.07-19.05.49:135][  0]LogConfig: Applying CVar settings from Section [EffectsQuality@3] File [F:/YouTube/Unreal Projects/VFXGuide_Projectile_v1/Saved/Config/Windows/Scalability.ini]
[2020.04.07-19.05.49:135][  0]LogConfig: Setting CVar [[r.TranslucencyLightingVolumeDim:64]]
[2020.04.07-19.05.49:135][  0]LogConfig: Setting CVar [[r.RefractionQuality:2]]
[2020.04.07-19.05.49:135][  0]LogConfig: Setting CVar [[r.SSR.Quality:3]]
[2020.04.07-19.05.49:135][  0]LogConfig: Setting CVar [[r.SSR.HalfResSceneColor:0]]
[2020.04.07-19.05.49:135][  0]LogConfig: Setting CVar [[r.SceneColorFormat:4]]
[2020.04.07-19.05.49:135][  0]LogConfig: Setting CVar [[r.DetailMode:2]]
[2020.04.07-19.05.49:135][  0]LogConfig: Setting CVar [[r.TranslucencyVolumeBlur:1]]
[2020.04.07-19.05.49:135][  0]LogConfig: Setting CVar [[r.MaterialQualityLevel:1 ; High quality]]
[2020.04.07-19.05.49:135][  0]LogConfig: Setting CVar [[r.SSS.Scale:1]]
[2020.04.07-19.05.49:135][  0]LogConfig: Setting CVar [[r.SSS.SampleSet:2]]
[2020.04.07-19.05.49:135][  0]LogConfig: Setting CVar [[r.SSS.Quality:1]]
[2020.04.07-19.05.49:135][  0]LogConfig: Setting CVar [[r.SSS.HalfRes:1]]
[2020.04.07-19.05.49:135][  0]LogConfig: Setting CVar [[r.SSGI.Quality:3]]
[2020.04.07-19.05.49:135][  0]LogConfig: Setting CVar [[r.EmitterSpawnRateScale:1.0]]
[2020.04.07-19.05.49:135][  0]LogConfig: Setting CVar [[r.ParticleLightQuality:2]]
[2020.04.07-19.05.49:135][  0]LogConfig: Setting CVar [[r.SkyAtmosphere.AerialPerspectiveLUT.FastApplyOnOpaque:1 ; Always have FastSkyLUT 1 in this case to avoid wrong sky]]
[2020.04.07-19.05.49:135][  0]LogConfig: Setting CVar [[r.SkyAtmosphere.AerialPerspectiveLUT.SampleCountPerSlice:1]]
[2020.04.07-19.05.49:135][  0]LogConfig: Setting CVar [[r.SkyAtmosphere.AerialPerspectiveLUT.DepthResolution:16.0]]
[2020.04.07-19.05.49:135][  0]LogConfig: Setting CVar [[r.SkyAtmosphere.FastSkyLUT:1]]
[2020.04.07-19.05.49:135][  0]LogConfig: Setting CVar [[r.SkyAtmosphere.FastSkyLUT.SampleCountMin:4.0]]
[2020.04.07-19.05.49:135][  0]LogConfig: Setting CVar [[r.SkyAtmosphere.FastSkyLUT.SampleCountMax:32.0]]
[2020.04.07-19.05.49:135][  0]LogConfig: Setting CVar [[r.SkyAtmosphere.SampleCountMin:4.0]]
[2020.04.07-19.05.49:135][  0]LogConfig: Setting CVar [[r.SkyAtmosphere.SampleCountMax:32.0]]
[2020.04.07-19.05.49:135][  0]LogConfig: Setting CVar [[r.SkyAtmosphere.TransmittanceLUT.UseSmallFormat:0]]
[2020.04.07-19.05.49:135][  0]LogConfig: Setting CVar [[r.SkyAtmosphere.TransmittanceLUT.SampleCount:10.0]]
[2020.04.07-19.05.49:135][  0]LogConfig: Setting CVar [[r.SkyAtmosphere.MultiScatteringLUT.SampleCount:15.0]]
[2020.04.07-19.05.49:135][  0]LogConfig: Applying CVar settings from Section [FoliageQuality@3] File [F:/YouTube/Unreal Projects/VFXGuide_Projectile_v1/Saved/Config/Windows/Scalability.ini]
[2020.04.07-19.05.49:135][  0]LogConfig: Setting CVar [[foliage.DensityScale:1.0]]
[2020.04.07-19.05.49:135][  0]LogConfig: Setting CVar [[grass.DensityScale:1.0]]
[2020.04.07-19.05.49:135][  0]LogConfig: Applying CVar settings from Section [ShadingQuality@3] File [F:/YouTube/Unreal Projects/VFXGuide_Projectile_v1/Saved/Config/Windows/Scalability.ini]
[2020.04.07-19.05.49:135][  0]LogConfig: Setting CVar [[r.HairStrands.SkyLighting.SampleCount:16]]
[2020.04.07-19.05.49:135][  0]LogConfig: Setting CVar [[r.HairStrands.SkyLighting.JitterIntegration:0]]
[2020.04.07-19.05.49:135][  0]LogConfig: Setting CVar [[r.HairStrands.SkyAO.SampleCount:16]]
[2020.04.07-19.05.49:135][  0]LogConfig: Applying CVar settings from Section [Startup] File [../../../Engine/Config/ConsoleVariables.ini]
[2020.04.07-19.05.49:135][  0]LogConfig: Setting CVar [[net.UseAdaptiveNetUpdateFrequency:0]]
[2020.04.07-19.05.49:135][  0]LogConfig: Setting CVar [[p.chaos.AllowCreatePhysxBodies:1]]
[2020.04.07-19.05.49:135][  0]LogConfig: Setting CVar [[fx.SkipVectorVMBackendOptimizations:1]]
[2020.04.07-19.05.49:135][  0]LogConfig: Applying CVar settings from Section [ConsoleVariables] File [F:/YouTube/Unreal Projects/VFXGuide_Projectile_v1/Saved/Config/Windows/Engine.ini]
[2020.04.07-19.05.49:135][  0]LogInit: Computer: DESKTOP-4EJTVEN
[2020.04.07-19.05.49:135][  0]LogInit: User: GabrielAguiar
[2020.04.07-19.05.49:135][  0]LogInit: CPU Page size=4096, Cores=12
[2020.04.07-19.05.49:135][  0]LogInit: High frequency timer resolution =14.318180 MHz
[2020.04.07-19.05.49:136][  0]LogMemory: Memory total: Physical=32.0GB (32GB approx)
[2020.04.07-19.05.49:136][  0]LogMemory: Platform Memory Stats for Windows
[2020.04.07-19.05.49:136][  0]LogMemory: Process Physical Memory: 107.96 MB used, 107.97 MB peak
[2020.04.07-19.05.49:136][  0]LogMemory: Process Virtual Memory: 104.33 MB used, 104.33 MB peak
[2020.04.07-19.05.49:136][  0]LogMemory: Physical Memory: 6382.73 MB used,  26335.05 MB free, 32717.78 MB total
[2020.04.07-19.05.49:136][  0]LogMemory: Virtual Memory: 5222.67 MB used,  134212504.00 MB free, 134217728.00 MB total
[2020.04.07-19.05.49:174][  0]LogWindows: WindowsPlatformFeatures enabled
[2020.04.07-19.05.49:189][  0]LogInit: Using OS detected language (en-US).
[2020.04.07-19.05.49:189][  0]LogInit: Using OS detected locale (pt-PT).
[2020.04.07-19.05.49:190][  0]LogTextLocalizationManager: No specific localization for 'en-US' exists, so the 'en' localization will be used.
[2020.04.07-19.05.49:364][  0]LogInit: Setting process to per monitor DPI aware
[2020.04.07-19.05.49:396][  0]LogSlate: New Slate User Created.  User Index 0, Is Virtual User: 0
[2020.04.07-19.05.49:396][  0]LogSlate: Slate User Registered.  User Index 0, Is Virtual User: 0
[2020.04.07-19.05.49:500][  0]LogHMD: Failed to initialize OpenVR with code 110
[2020.04.07-19.05.49:500][  0]LogD3D11RHI: D3D11 min allowed feature level: 11_0
[2020.04.07-19.05.49:500][  0]LogD3D11RHI: D3D11 max allowed feature level: 11_0
[2020.04.07-19.05.49:500][  0]LogD3D11RHI: D3D11 adapters:
[2020.04.07-19.05.49:604][  0]LogD3D11RHI:    0. 'NVIDIA GeForce GTX 1080 Ti' (Feature Level 11_0)
[2020.04.07-19.05.49:604][  0]LogD3D11RHI:       11127/0/16358 MB DedicatedVideo/DedicatedSystem/SharedSystem, Outputs:2, VendorId:0x10de
[2020.04.07-19.05.49:607][  0]LogD3D11RHI:    1. 'Microsoft Basic Render Driver' (Feature Level 11_0)
[2020.04.07-19.05.49:607][  0]LogD3D11RHI:       0/0/16358 MB DedicatedVideo/DedicatedSystem/SharedSystem, Outputs:0, VendorId:0x1414
[2020.04.07-19.05.49:607][  0]LogD3D11RHI: Chosen D3D11 Adapter: 0
[2020.04.07-19.05.49:615][  0]LogD3D11RHI: Creating new Direct3DDevice
[2020.04.07-19.05.49:615][  0]LogD3D11RHI:     GPU DeviceId: 0x1b06 (for the marketing name, search the web for "GPU Device Id")
[2020.04.07-19.05.49:615][  0]LogWindows: EnumDisplayDevices:
[2020.04.07-19.05.49:615][  0]LogWindows:    0. 'NVIDIA GeForce GTX 1080 Ti' (P:0 D:1)
[2020.04.07-19.05.49:615][  0]LogWindows:    1. 'NVIDIA GeForce GTX 1080 Ti' (P:1 D:1)
[2020.04.07-19.05.49:615][  0]LogWindows:    2. 'NVIDIA GeForce GTX 1080 Ti' (P:0 D:0)
[2020.04.07-19.05.49:616][  0]LogWindows:    3. 'NVIDIA GeForce GTX 1080 Ti' (P:0 D:0)
[2020.04.07-19.05.49:616][  0]LogWindows: DebugString: FoundDriverCount:4 
[2020.04.07-19.05.49:616][  0]LogD3D11RHI:     Adapter Name: NVIDIA GeForce GTX 1080 Ti
[2020.04.07-19.05.49:616][  0]LogD3D11RHI:   Driver Version: 442.19 (internal:26.21.14.4219, unified:442.19)
[2020.04.07-19.05.49:616][  0]LogD3D11RHI:      Driver Date: 1-29-2020
[2020.04.07-19.05.49:616][  0]LogRHI: Texture pool is 7788 MB (70% of 11127 MB)
[2020.04.07-19.05.49:661][  0]LogD3D11RHI: RHI has support for 64 bit atomics
[2020.04.07-19.05.49:661][  0]LogD3D11RHI: Async texture creation enabled
[2020.04.07-19.05.49:681][  0]LogD3D11RHI: GPU Timing Frequency: 1000.000000 (Debug: 2 1)
[2020.04.07-19.05.49:966][  0]LogTargetPlatformManager: Display: Loaded TargetPlatform 'AllDesktop'
[2020.04.07-19.05.49:996][  0]LogTargetPlatformManager: Display: Loaded TargetPlatform 'Android'
[2020.04.07-19.05.49:996][  0]LogTargetPlatformManager: Display: Loaded TargetPlatform 'Android_ASTC'
[2020.04.07-19.05.49:996][  0]LogTargetPlatformManager: Display: Loaded TargetPlatform 'Android_ATC'
[2020.04.07-19.05.49:996][  0]LogTargetPlatformManager: Display: Loaded TargetPlatform 'Android_DXT'
[2020.04.07-19.05.49:996][  0]LogTargetPlatformManager: Display: Loaded TargetPlatform 'Android_ETC1'
[2020.04.07-19.05.49:996][  0]LogTargetPlatformManager: Display: Loaded TargetPlatform 'Android_ETC1a'
[2020.04.07-19.05.49:996][  0]LogTargetPlatformManager: Display: Loaded TargetPlatform 'Android_ETC2'
[2020.04.07-19.05.49:996][  0]LogTargetPlatformManager: Display: Loaded TargetPlatform 'Android_PVRTC'
[2020.04.07-19.05.49:996][  0]LogTargetPlatformManager: Display: Loaded TargetPlatform 'AndroidClient'
[2020.04.07-19.05.49:996][  0]LogTargetPlatformManager: Display: Loaded TargetPlatform 'Android_ASTCClient'
[2020.04.07-19.05.49:996][  0]LogTargetPlatformManager: Display: Loaded TargetPlatform 'Android_ATCClient'
[2020.04.07-19.05.49:996][  0]LogTargetPlatformManager: Display: Loaded TargetPlatform 'Android_DXTClient'
[2020.04.07-19.05.49:996][  0]LogTargetPlatformManager: Display: Loaded TargetPlatform 'Android_ETC1Client'
[2020.04.07-19.05.49:996][  0]LogTargetPlatformManager: Display: Loaded TargetPlatform 'Android_ETC1aClient'
[2020.04.07-19.05.49:996][  0]LogTargetPlatformManager: Display: Loaded TargetPlatform 'Android_ETC2Client'
[2020.04.07-19.05.49:996][  0]LogTargetPlatformManager: Display: Loaded TargetPlatform 'Android_PVRTCClient'
[2020.04.07-19.05.49:996][  0]LogTargetPlatformManager: Display: Loaded TargetPlatform 'Android_Multi'
[2020.04.07-19.05.49:996][  0]LogTargetPlatformManager: Display: Loaded TargetPlatform 'Android_MultiClient'
[2020.04.07-19.05.50:014][  0]LogTargetPlatformManager: Display: Loaded TargetPlatform 'IOSClient'
[2020.04.07-19.05.50:014][  0]LogTargetPlatformManager: Display: Loaded TargetPlatform 'IOS'
[2020.04.07-19.05.50:021][  0]LogTargetPlatformManager: Display: Loaded TargetPlatform 'LinuxNoEditor'
[2020.04.07-19.05.50:027][  0]LogTargetPlatformManager: Display: Loaded TargetPlatform 'LinuxClient'
[2020.04.07-19.05.50:034][  0]LogTargetPlatformManager: Display: Loaded TargetPlatform 'LinuxServer'
[2020.04.07-19.05.50:040][  0]LogTargetPlatformManager: Display: Loaded TargetPlatform 'LinuxAArch64NoEditor'
[2020.04.07-19.05.50:047][  0]LogTargetPlatformManager: Display: Loaded TargetPlatform 'LinuxAArch64Client'
[2020.04.07-19.05.50:053][  0]LogTargetPlatformManager: Display: Loaded TargetPlatform 'LinuxAArch64Server'
[2020.04.07-19.05.50:076][  0]LogTargetPlatformManager: Display: Loaded TargetPlatform 'Lumin'
[2020.04.07-19.05.50:076][  0]LogTargetPlatformManager: Display: Loaded TargetPlatform 'LuminClient'
[2020.04.07-19.05.50:088][  0]LogTargetPlatformManager: Display: Loaded TargetPlatform 'TVOSClient'
[2020.04.07-19.05.50:088][  0]LogTargetPlatformManager: Display: Loaded TargetPlatform 'TVOS'
[2020.04.07-19.05.50:095][  0]LogTargetPlatformManager: Display: Loaded TargetPlatform 'WindowsNoEditor'
[2020.04.07-19.05.50:103][  0]LogTargetPlatformManager: Display: Loaded TargetPlatform 'Windows'
[2020.04.07-19.05.50:109][  0]LogTargetPlatformManager: Display: Loaded TargetPlatform 'WindowsClient'
[2020.04.07-19.05.50:116][  0]LogTargetPlatformManager: Display: Loaded TargetPlatform 'WindowsServer'
[2020.04.07-19.05.50:116][  0]LogTargetPlatformManager: Display: Building Assets For Windows
[2020.04.07-19.05.50:117][  0]LogAudioDebug: Display: Lib vorbis DLL was dynamically loaded.
[2020.04.07-19.05.50:134][  0]LogShaderCompilers: Guid format shader working directory is -4 characters bigger than the processId version (F:/YouTube/Unreal Projects/VFXGuide_Projectile_v1/Intermediate/Shaders/WorkingDirectory/16652/).
[2020.04.07-19.05.50:134][  0]LogShaderCompilers: Cleaned the shader compiler working directory 'C:/Users/gabri/AppData/Local/Temp/UnrealShaderWorkingDir/C9393CDE4BD5400A83E0938A9643BD65/'.
[2020.04.07-19.05.50:134][  0]LogXGEController: Cleaning working directory: C:/Users/gabri/AppData/Local/Temp/UnrealXGEWorkingDir/
[2020.04.07-19.05.50:134][  0]LogXGEController: Cannot use XGE Controller as Incredibuild is not installed on this machine.
[2020.04.07-19.05.50:134][  0]LogShaderCompilers: Cannot use XGE Shader Compiler as Incredibuild is not installed on this machine.
[2020.04.07-19.05.50:134][  0]LogShaderCompilers: Display: Using Local Shader Compiler.
[2020.04.07-19.05.50:953][  0]LogDerivedDataCache: Display: Max Cache Size: 512 MB
[2020.04.07-19.05.50:989][  0]LogDerivedDataCache: Loaded boot cache 0.04s 80MB C:/Users/gabri/AppData/Local/UnrealEngine/4.24/DerivedDataCache/Boot.ddc.
[2020.04.07-19.05.50:989][  0]LogDerivedDataCache: Display: Loaded Boot cache: C:/Users/gabri/AppData/Local/UnrealEngine/4.24/DerivedDataCache/Boot.ddc
[2020.04.07-19.05.50:989][  0]LogDerivedDataCache: FDerivedDataBackendGraph:  Pak pak cache file F:/YouTube/Unreal Projects/VFXGuide_Projectile_v1/DerivedDataCache/DDC.ddp not found, will not use a pak cache.
[2020.04.07-19.05.50:989][  0]LogDerivedDataCache: Unable to find inner node Pak for hierarchical cache Hierarchy.
[2020.04.07-19.05.50:989][  0]LogDerivedDataCache: FDerivedDataBackendGraph:  CompressedPak pak cache file F:/YouTube/Unreal Projects/VFXGuide_Projectile_v1/DerivedDataCache/Compressed.ddp not found, will not use a pak cache.
[2020.04.07-19.05.50:989][  0]LogDerivedDataCache: Unable to find inner node CompressedPak for hierarchical cache Hierarchy.
[2020.04.07-19.05.50:999][  0]LogDerivedDataCache: Display: Pak cache opened for reading ../../../Engine/DerivedDataCache/Compressed.ddp.
[2020.04.07-19.05.50:999][  0]LogDerivedDataCache: FDerivedDataBackendGraph:  EnterprisePak pak cache file ../../../Enterprise/DerivedDataCache/Compressed.ddp not found, will not use a pak cache.
[2020.04.07-19.05.50:999][  0]LogDerivedDataCache: Unable to find inner node EnterprisePak for hierarchical cache Hierarchy.
[2020.04.07-19.05.51:000][  0]LogDerivedDataCache: Using Local data cache path C:/Users/gabri/AppData/Local/UnrealEngine/Common/DerivedDataCache: Writable
[2020.04.07-19.05.51:000][  0]LogDerivedDataCache: Shared data cache path not found in *engine.ini, will not use an Shared cache.
[2020.04.07-19.05.51:000][  0]LogDerivedDataCache: Unable to find inner node Shared for hierarchical cache Hierarchy.
[2020.04.07-19.05.51:026][  0]LogMaterial: Verifying Global Shaders for PCD3D_SM5
[2020.04.07-19.05.51:029][  0]LogSlate: Using FreeType 2.10.0
[2020.04.07-19.05.51:030][  0]LogSlate: SlateFontServices - WITH_FREETYPE: 1, WITH_HARFBUZZ: 1
[2020.04.07-19.05.51:070][  0]LogAssetRegistry: FAssetRegistry took 0.0020 seconds to start up
[2020.04.07-19.05.51:334][  0]LogInit: Selected Device Profile: [Windows]
[2020.04.07-19.05.51:517][  0]LogMeshReduction: Using QuadricMeshReduction for automatic static mesh reduction
[2020.04.07-19.05.51:517][  0]LogMeshReduction: Using SimplygonMeshReduction for automatic skeletal mesh reduction
[2020.04.07-19.05.51:517][  0]LogMeshReduction: Using ProxyLODMeshReduction for automatic mesh merging
[2020.04.07-19.05.51:517][  0]LogMeshReduction: No distributed automatic mesh merging module available
[2020.04.07-19.05.51:517][  0]LogMeshMerging: No distributed automatic mesh merging module available
[2020.04.07-19.05.51:535][  0]LogNetVersion: VFXGuide_Projectile_v1 1.0.0, NetCL: 10570792, EngineNetVer: 13, GameNetVer: 0 (Checksum: 3143321872)
[2020.04.07-19.05.53:005][  0]LogPackageLocalizationCache: Processed 12 localized package path(s) for 1 prioritized culture(s) in 0.585555 seconds
[2020.04.07-19.05.53:014][  0]LogUObjectArray: 46775 objects as part of root set at end of initial load.
[2020.04.07-19.05.53:014][  0]LogUObjectAllocator: 8142024 out of 0 bytes used by permanent object pool.
[2020.04.07-19.05.53:014][  0]LogUObjectArray: CloseDisregardForGC: 0/0 objects in disregard for GC pool
[2020.04.07-19.05.53:476][  0]LogTcpMessaging: Initializing TcpMessaging bridge
[2020.04.07-19.05.53:480][  0]LogUdpMessaging: Initializing bridge on interface 0.0.0.0:0 to multicast group 230.0.0.1:6666.
[2020.04.07-19.05.53:533][  0]SourceControl: Source control is disabled
[2020.04.07-19.05.53:533][  0]SourceControl: Source control is disabled
[2020.04.07-19.05.53:534][  0]SourceControl: Source control is disabled
[2020.04.07-19.05.53:535][  0]SourceControl: Source control is disabled
[2020.04.07-19.05.53:535][  0]SourceControl: Source control is disabled
[2020.04.07-19.05.53:621][  0]LogAndroidPermission: UAndroidPermissionCallbackProxy::GetInstance
[2020.04.07-19.05.53:632][  0]LogAudioCaptureCore: Display: No Audio Capture implementations found. Audio input will be silent.
[2020.04.07-19.05.53:632][  0]LogAudioCaptureCore: Display: No Audio Capture implementations found. Audio input will be silent.
[2020.04.07-19.05.53:729][  0]LogOcInput: OculusInput pre-init called
[2020.04.07-19.05.53:736][  0]LogWindows: Failed to load 'OVRPlugin.dll' (GetLastError=126)
[2020.04.07-19.05.53:736][  0]LogWindows: File 'OVRPlugin.dll' does not exist
[2020.04.07-19.05.53:813][  0]LogEngine: Initializing Engine...
[2020.04.07-19.05.53:814][  0]LogHMD: Failed to initialize OpenVR with code 110
[2020.04.07-19.05.53:814][  0]LogStats: UGameplayTagsManager::InitializeManager -  0.000 s
[2020.04.07-19.05.54:181][  0]LogInit: Initializing FReadOnlyCVARCache
[2020.04.07-19.05.54:187][  0]LogAIModule: Creating AISystem for world Untitled
[2020.04.07-19.05.54:196][  0]LogAudioMixer: Display: Audio Mixer Platform Settings:
[2020.04.07-19.05.54:196][  0]LogAudioMixer: Display: 	Sample Rate:						  48000
[2020.04.07-19.05.54:196][  0]LogAudioMixer: Display: 	Callback Buffer Frame Size Requested: 1024
[2020.04.07-19.05.54:196][  0]LogAudioMixer: Display: 	Callback Buffer Frame Size To Use:	  1024
[2020.04.07-19.05.54:196][  0]LogAudioMixer: Display: 	Number of buffers to queue:			  2
[2020.04.07-19.05.54:196][  0]LogAudioMixer: Display: 	Max Channels (voices):				  32
[2020.04.07-19.05.54:196][  0]LogAudioMixer: Display: 	Number of Async Source Workers:		  0
[2020.04.07-19.05.54:196][  0]LogAudio: Display: AudioDevice MaxSources: 32
[2020.04.07-19.05.54:196][  0]LogAudio: Display: Using built-in audio occlusion.
[2020.04.07-19.05.54:196][  0]LogAudioMixer: Display: Initializing audio mixer.
[2020.04.07-19.05.54:227][  0]LogAudioMixer: Display: Audio Device Output Speaker Info:
[2020.04.07-19.05.54:227][  0]LogAudioMixer: Display: Name: Speakers (Realtek High Definition Audio)
[2020.04.07-19.05.54:227][  0]LogAudioMixer: Display: Is Default: Yes
[2020.04.07-19.05.54:227][  0]LogAudioMixer: Display: Sample Rate: 48000
[2020.04.07-19.05.54:227][  0]LogAudioMixer: Display: Channel Count Used: 2
[2020.04.07-19.05.54:227][  0]LogAudioMixer: Display: Device Channel Count: 2
[2020.04.07-19.05.54:227][  0]LogAudioMixer: Display: Channel Order:
[2020.04.07-19.05.54:227][  0]LogAudioMixer: Display: 0: FrontLeft
[2020.04.07-19.05.54:227][  0]LogAudioMixer: Display: 1: FrontRight
[2020.04.07-19.05.54:251][  0]LogAudioMixer: Display: Using Audio Device Speakers (Realtek High Definition Audio)
[2020.04.07-19.05.54:254][  0]LogInit: FAudioDevice initialized.
[2020.04.07-19.05.54:254][  0]LogNetVersion: Set ProjectVersion to 1.0.0.0. Version Checksum will be recalculated on next use.
[2020.04.07-19.05.54:308][  0]LogDerivedDataCache: Saved boot cache 0.05s 80MB C:/Users/gabri/AppData/Local/UnrealEngine/4.24/DerivedDataCache/Boot.ddc.
[2020.04.07-19.05.54:310][  0]LogInit: Texture streaming: Enabled
[2020.04.07-19.05.54:319][  0]LogEngineSessionManager: EngineSessionManager initialized
[2020.04.07-19.05.54:319][  0]LogEditorSessionSummary: Verbose: Initializing EditorSessionSummaryWriter for editor session tracking
[2020.04.07-19.05.54:321][  0]LogEditorSessionSummary: EditorSessionSummaryWriter initialized
[2020.04.07-19.05.55:235][  0]LogInit: Transaction tracking system initialized
[2020.04.07-19.05.55:241][  0]BlueprintLog: New page: Editor Load
[2020.04.07-19.05.55:264][  0]LocalizationService: Localization service is disabled
[2020.04.07-19.05.55:550][  0]LogFileCache: Scanning file cache for directory 'F:/YouTube/Unreal Projects/VFXGuide_Projectile_v1/Content/' took 0.00s
[2020.04.07-19.05.55:550][  0]LogCook: Display: Max memory allowance for cook 16384mb min free memory 0mb
[2020.04.07-19.05.55:550][  0]LogCook: Display: Mobile HDR setting 1
[2020.04.07-19.05.56:094][  0]SourceControl: Source control is disabled
[2020.04.07-19.05.56:094][  0]Cmd: MAP LOAD FILE="F:/YouTube/Unreal Projects/VFXGuide_Projectile_v1/Content/GabrielAguiarProd/Maps/VFXGuide_Projectile.umap" TEMPLATE=0 SHOWPROGRESS=1 FEATURELEVEL=3
[2020.04.07-19.05.56:095][  0]LightingResults: New page: Lighting Build
[2020.04.07-19.05.56:095][  0]LogWorld: UWorld::CleanupWorld for Untitled, bSessionEnded=true, bCleanupResources=true
[2020.04.07-19.05.56:095][  0]LogSlate: InvalidateAllWidgets triggered.  All widgets were invalidated
[2020.04.07-19.05.56:096][  0]MapCheck: New page: Map Check
[2020.04.07-19.05.56:096][  0]LightingResults: New page: Lighting Build
[2020.04.07-19.05.56:131][  0]LogUObjectHash: Compacting FUObjectHashTables data took   1.75ms
[2020.04.07-19.05.57:201][  0]LogNiagaraEditor: Verbose: '/Game/GabrielAguiarProd/NiagaraSystems/NS_Muzzle' Precompile took 0.247992 sec.
[2020.04.07-19.05.57:536][  0]LogNiagaraEditor: Verbose: '/Game/GabrielAguiarProd/NiagaraSystems/NS_Hit' Precompile took 0.301213 sec.
[2020.04.07-19.05.58:037][  0]LogNiagaraEditor: Verbose: '/Game/GabrielAguiarProd/NiagaraSystems/NS_Projectile' Precompile took 0.330494 sec.
[2020.04.07-19.05.58:059][  0]LogAIModule: Creating AISystem for world VFXGuide_Projectile
[2020.04.07-19.05.58:067][  0]LogEditorServer: Finished looking for orphan Actors (0.000 secs)
[2020.04.07-19.05.58:166][  0]LogUObjectHash: Compacting FUObjectHashTables data took   2.99ms
[2020.04.07-19.05.58:166][  0]Cmd: MAP CHECKDEP NOCLEARLOG
[2020.04.07-19.05.58:167][  0]MapCheck: Map check complete: 0 Error(s), 0 Warning(s), took 0,098ms to complete.
[2020.04.07-19.05.58:167][  0]LogFileHelpers: Loading map 'VFXGuide_Projectile' took 2.073
[2020.04.07-19.05.58:278][  0]LogSlate: Updating window title bar state: overlay mode, drag disabled, window buttons hidden, title bar hidden
[2020.04.07-19.05.58:284][  0]LogSlate: Updating window title bar state: overlay mode, drag disabled, window buttons hidden, title bar hidden
[2020.04.07-19.05.58:291][  0]LogSlate: Updating window title bar state: overlay mode, drag disabled, window buttons hidden, title bar hidden
[2020.04.07-19.05.58:297][  0]LogSlate: Updating window title bar state: overlay mode, drag disabled, window buttons hidden, title bar hidden
[2020.04.07-19.05.58:301][  0]LogCollectionManager: Loaded 0 collections in 0.001821 seconds
[2020.04.07-19.05.58:314][  0]LogFileCache: Scanning file cache for directory 'F:/YouTube/Unreal Projects/VFXGuide_Projectile_v1/Saved/Collections/' took 0.00s
[2020.04.07-19.05.58:314][  0]LogFileCache: Scanning file cache for directory 'F:/YouTube/Unreal Projects/VFXGuide_Projectile_v1/Content/Developers/GabrielAguiar/Collections/' took 0.00s
[2020.04.07-19.05.58:314][  0]LogFileCache: Scanning file cache for directory 'F:/YouTube/Unreal Projects/VFXGuide_Projectile_v1/Content/Collections/' took 0.00s
[2020.04.07-19.05.58:314][  0]LogContentBrowser: Native class hierarchy populated in 0.0094 seconds. Added 3165 classes and 735 folders.
[2020.04.07-19.05.58:316][  0]LogContentBrowser: Native class hierarchy updated for 'WidgetCarousel' in 0.0002 seconds. Added 0 classes and 0 folders.
[2020.04.07-19.05.58:353][  0]LogContentBrowser: Native class hierarchy updated for 'AddContentDialog' in 0.0002 seconds. Added 0 classes and 0 folders.
[2020.04.07-19.05.58:358][  0]LogContentBrowser: Native class hierarchy updated for 'SceneOutliner' in 0.0003 seconds. Added 2 classes and 3 folders.
[2020.04.07-19.05.58:389][  0]LogContentBrowser: Native class hierarchy updated for 'HierarchicalLODOutliner' in 0.0003 seconds. Added 0 classes and 0 folders.
[2020.04.07-19.05.58:389][  0]LogLoad: (Engine Initialization) Total time: 10.18 seconds
[2020.04.07-19.05.58:389][  0]LogLoad: (Engine Initialization) Total Blueprint compile time: 0.00 seconds
[2020.04.07-19.05.58:438][  0]LogAssetRegistry: Asset discovery search completed in 7.3693 seconds
[2020.04.07-19.05.58:442][  0]LogCollectionManager: Fixed up redirectors for 0 collections in 0.000011 seconds (updated 0 objects)
[2020.04.07-19.05.58:442][  0]LogContentStreaming: Texture pool size now 1000 MB
[2020.04.07-19.05.58:454][  0]LogSlate: Took 0.000124 seconds to synchronously load lazily loaded font '../../../Engine/Content/Slate/Fonts/Roboto-Regular.ttf' (155K)
[2020.04.07-19.05.58:456][  0]LogSlate: Took 0.000088 seconds to synchronously load lazily loaded font '../../../Engine/Content/Slate/Fonts/Roboto-Bold.ttf' (160K)
[2020.04.07-19.05.58:460][  0]LogSlate: Took 0.000089 seconds to synchronously load lazily loaded font '../../../Engine/Content/Editor/Slate/Fonts/FontAwesome.ttf' (139K)
[2020.04.07-19.05.58:462][  0]LogSlate: Took 0.000084 seconds to synchronously load lazily loaded font '../../../Engine/Content/Slate/Fonts/Roboto-Light.ttf' (167K)
[2020.04.07-19.05.58:563][  0]LogRenderer: Reallocating scene render targets to support 792x360 Format 10 NumSamples 1 (Frame:1).
[2020.04.07-19.06.46:077][680]LogUObjectHash: Compacting FUObjectHashTables data took   0.88ms
[2020.04.07-19.06.46:464][680]LogSlate: Window 'VFXGuide_Projectile_v1 - Unreal Editor' being destroyed
[2020.04.07-19.06.46:465][680]LogWindowsTextInputMethodSystem: Display: IME system now deactivated.
[2020.04.07-19.06.46:556][681]Cmd: QUIT_EDITOR
[2020.04.07-19.06.46:556][681]LogCore: Engine exit requested (reason: UUnrealEdEngine::CloseEditor())
[2020.04.07-19.06.46:564][681]LogCore: Engine exit requested (reason: EngineExit() was called; note: exit was already requested)
[2020.04.07-19.06.46:564][681]LogAudioMixer: Display: No commands were queued while flushing the source manager.
[2020.04.07-19.06.46:581][681]LogExit: Preparing to exit.
[2020.04.07-19.06.47:646][681]LogDemo: Cleaned up 0 splitscreen connections with owner deletion
[2020.04.07-19.06.47:733][681]LogWorld: UWorld::CleanupWorld for None, bSessionEnded=true, bCleanupResources=true
[2020.04.07-19.06.47:733][681]LogExit: Editor shut down
[2020.04.07-19.06.47:733][681]LogExit: Transaction tracking system shut down
[2020.04.07-19.06.48:241][681]LogExit: Object subsystem successfully closed.
[2020.04.07-19.06.48:276][681]LogShaderCompilers: Display: Shaders left to compile 0
[2020.04.07-19.06.48:286][681]LogModuleManager: Shutting down and abandoning module HierarchicalLODOutliner (710)
[2020.04.07-19.06.48:286][681]LogModuleManager: Shutting down and abandoning module SceneOutliner (708)
[2020.04.07-19.06.48:286][681]LogModuleManager: Shutting down and abandoning module AddContentDialog (706)
[2020.04.07-19.06.48:287][681]LogModuleManager: Shutting down and abandoning module WidgetCarousel (705)
[2020.04.07-19.06.48:287][681]LogModuleManager: Shutting down and abandoning module EditorWidgets (702)
[2020.04.07-19.06.48:287][681]LogModuleManager: Shutting down and abandoning module CollectionManager (700)
[2020.04.07-19.06.48:287][681]LogModuleManager: Shutting down and abandoning module StatsViewer (698)
[2020.04.07-19.06.48:287][681]LogModuleManager: Shutting down and abandoning module VirtualTexturingEditor (696)
[2020.04.07-19.06.48:287][681]LogModuleManager: Shutting down and abandoning module FoliageEdit (694)
[2020.04.07-19.06.48:287][681]LogModuleManager: Shutting down and abandoning module LandscapeEditor (692)
[2020.04.07-19.06.48:287][681]LogModuleManager: Shutting down and abandoning module MeshPaintMode (690)
[2020.04.07-19.06.48:287][681]LogModuleManager: Shutting down and abandoning module SceneDepthPickerMode (688)
[2020.04.07-19.06.48:287][681]LogModuleManager: Shutting down and abandoning module ActorPickerMode (686)
[2020.04.07-19.06.48:287][681]LogModuleManager: Shutting down and abandoning module GeometryMode (684)
[2020.04.07-19.06.48:287][681]LogModuleManager: Shutting down and abandoning module TextureAlignMode (682)
[2020.04.07-19.06.48:287][681]LogModuleManager: Shutting down and abandoning module BspMode (680)
[2020.04.07-19.06.48:287][681]LogModuleManager: Shutting down and abandoning module PIEPreviewDeviceProfileSelector (678)
[2020.04.07-19.06.48:287][681]LogModuleManager: Shutting down and abandoning module SequenceRecorderSections (676)
[2020.04.07-19.06.48:287][681]LogModuleManager: Shutting down and abandoning module AutomationWorker (674)
[2020.04.07-19.06.48:287][681]LogModuleManager: Shutting down and abandoning module SteamVREditor (672)
[2020.04.07-19.06.48:287][681]LogModuleManager: Shutting down and abandoning module OculusMR (670)
[2020.04.07-19.06.48:287][681]LogModuleManager: Shutting down and abandoning module AudioCaptureEditor (668)
[2020.04.07-19.06.48:287][681]LogModuleManager: Shutting down and abandoning module MatineeToLevelSequence (666)
[2020.04.07-19.06.48:287][681]LogModuleManager: Shutting down and abandoning module LevelSequenceEditor (664)
[2020.04.07-19.06.48:287][681]LogModuleManager: Shutting down and abandoning module PlacementMode (663)
[2020.04.07-19.06.48:287][681]LogModuleManager: Shutting down and abandoning module MaterialEditor (662)
[2020.04.07-19.06.48:287][681]LogModuleManager: Shutting down and abandoning module ActorSequenceEditor (658)
[2020.04.07-19.06.48:287][681]LogModuleManager: Shutting down and abandoning module WmfMediaFactory (656)
[2020.04.07-19.06.48:287][681]LogModuleManager: Shutting down and abandoning module WmfMediaEditor (654)
[2020.04.07-19.06.48:287][681]LogModuleManager: Shutting down and abandoning module WebMMediaFactory (652)
[2020.04.07-19.06.48:287][681]LogModuleManager: Shutting down and abandoning module WebMMediaEditor (650)
[2020.04.07-19.06.48:288][681]LogModuleManager: Shutting down and abandoning module WebMMedia (648)
[2020.04.07-19.06.48:288][681]LogModuleManager: Shutting down and abandoning module MediaPlayerEditor (646)
[2020.04.07-19.06.48:288][681]LogModuleManager: Shutting down and abandoning module MediaCompositingEditor (644)
[2020.04.07-19.06.48:288][681]LogModuleManager: Shutting down and abandoning module SequenceRecorder (643)
[2020.04.07-19.06.48:288][681]LogModuleManager: Shutting down and abandoning module OpenExrWrapper (640)
[2020.04.07-19.06.48:288][681]LogModuleManager: Shutting down and abandoning module ImgMediaFactory (638)
[2020.04.07-19.06.48:288][681]LogModuleManager: Shutting down and abandoning module ImgMediaEditor (636)
[2020.04.07-19.06.48:288][681]LogModuleManager: Shutting down and abandoning module AvfMediaFactory (634)
[2020.04.07-19.06.48:288][681]LogModuleManager: Shutting down and abandoning module AvfMediaEditor (632)
[2020.04.07-19.06.48:288][681]LogModuleManager: Shutting down and abandoning module AndroidMediaFactory (630)
[2020.04.07-19.06.48:288][681]LogModuleManager: Shutting down and abandoning module AndroidMediaEditor (628)
[2020.04.07-19.06.48:288][681]LogModuleManager: Shutting down and abandoning module MagicLeapMediaCodecFactory (626)
[2020.04.07-19.06.48:288][681]LogModuleManager: Shutting down and abandoning module MagicLeapMediaFactory (624)
[2020.04.07-19.06.48:288][681]LogModuleManager: Shutting down and abandoning module MagicLeapMediaEditor (622)
[2020.04.07-19.06.48:288][681]LogModuleManager: Shutting down and abandoning module CharacterAI (620)
[2020.04.07-19.06.48:288][681]LogModuleManager: Shutting down and abandoning module SmartSnapping (618)
[2020.04.07-19.06.48:288][681]LogModuleManager: Shutting down and abandoning module SessionServices (616)
[2020.04.07-19.06.48:288][681]LogModuleManager: Shutting down and abandoning module MeshPaint (614)
[2020.04.07-19.06.48:288][681]LogModuleManager: Shutting down and abandoning module ViewportSnapping (612)
[2020.04.07-19.06.48:288][681]LogModuleManager: Shutting down and abandoning module ViewportInteraction (610)
[2020.04.07-19.06.48:288][681]LogModuleManager: Shutting down and abandoning module ClothPainter (608)
[2020.04.07-19.06.48:288][681]LogModuleManager: Shutting down and abandoning module SkeletalMeshEditor (607)
[2020.04.07-19.06.48:288][681]LogModuleManager: Shutting down and abandoning module LogVisualizer (604)
[2020.04.07-19.06.48:288][681]LogModuleManager: Shutting down and abandoning module IntroTutorials (602)
[2020.04.07-19.06.48:288][681]LogModuleManager: Shutting down and abandoning module GameProjectGeneration (601)
[2020.04.07-19.06.48:288][681]LogModuleManager: Shutting down and abandoning module LuminPlatformEditor (598)
[2020.04.07-19.06.48:288][681]LogModuleManager: Shutting down and abandoning module IOSPlatformEditor (596)
[2020.04.07-19.06.48:288][681]LogModuleManager: Shutting down and abandoning module AndroidPlatformEditor (594)
[2020.04.07-19.06.48:288][681]LogModuleManager: Shutting down and abandoning module AndroidDeviceDetection (593)
[2020.04.07-19.06.48:314][681]LogModuleManager: Shutting down and abandoning module WindowsPlatformEditor (590)
[2020.04.07-19.06.48:314][681]LogModuleManager: Shutting down and abandoning module LuminRuntimeSettings (588)
[2020.04.07-19.06.48:314][681]LogModuleManager: Shutting down and abandoning module IOSRuntimeSettings (586)
[2020.04.07-19.06.48:314][681]LogModuleManager: Shutting down and abandoning module AndroidRuntimeSettings (584)
[2020.04.07-19.06.48:314][681]LogModuleManager: Shutting down and abandoning module EditorInteractiveToolsFramework (582)
[2020.04.07-19.06.48:314][681]LogModuleManager: Shutting down and abandoning module TimeManagementEditor (580)
[2020.04.07-19.06.48:314][681]LogModuleManager: Shutting down and abandoning module InputBindingEditor (578)
[2020.04.07-19.06.48:314][681]LogModuleManager: Shutting down and abandoning module MergeActors (576)
[2020.04.07-19.06.48:314][681]LogModuleManager: Shutting down and abandoning module LocalizationDashboard (574)
[2020.04.07-19.06.48:314][681]LogModuleManager: Shutting down and abandoning module LocalizationService (573)
[2020.04.07-19.06.48:314][681]LogModuleManager: Shutting down and abandoning module HardwareTargeting (570)
[2020.04.07-19.06.48:314][681]LogModuleManager: Shutting down and abandoning module DeviceProfileEditor (568)
[2020.04.07-19.06.48:314][681]LogModuleManager: Shutting down and abandoning module UndoHistory (566)
[2020.04.07-19.06.48:314][681]LogModuleManager: Shutting down and abandoning module XmlParser (564)
[2020.04.07-19.06.48:314][681]LogModuleManager: Shutting down and abandoning module Blutility (562)
[2020.04.07-19.06.48:314][681]LogModuleManager: Shutting down and abandoning module ProjectSettingsViewer (560)
[2020.04.07-19.06.48:314][681]LogModuleManager: Shutting down and abandoning module ProjectTargetPlatformEditor (559)
[2020.04.07-19.06.48:314][681]LogModuleManager: Shutting down and abandoning module EditorSettingsViewer (556)
[2020.04.07-19.06.48:314][681]LogModuleManager: Shutting down and abandoning module SettingsEditor (554)
[2020.04.07-19.06.48:314][681]LogModuleManager: Shutting down and abandoning module ProjectLauncher (552)
[2020.04.07-19.06.48:314][681]LogModuleManager: Shutting down and abandoning module SessionFrontend (550)
[2020.04.07-19.06.48:314][681]LogModuleManager: Shutting down and abandoning module ProfilerClient (548)
[2020.04.07-19.06.48:315][681]LogModuleManager: Shutting down and abandoning module DeviceManager (546)
[2020.04.07-19.06.48:315][681]LogModuleManager: Shutting down and abandoning module TargetDeviceServices (545)
[2020.04.07-19.06.48:348][681]LogModuleManager: Shutting down and abandoning module AutomationController (542)
[2020.04.07-19.06.48:348][681]LogModuleManager: Shutting down and abandoning module AutomationWindow (540)
[2020.04.07-19.06.48:348][681]LogModuleManager: Shutting down and abandoning module Layers (538)
[2020.04.07-19.06.48:348][681]LogModuleManager: Shutting down and abandoning module ComponentVisualizers (536)
[2020.04.07-19.06.48:348][681]LogModuleManager: Shutting down and abandoning module DetailCustomizations (534)
[2020.04.07-19.06.48:348][681]LogModuleManager: Shutting down and abandoning module PackagesDialog (532)
[2020.04.07-19.06.48:348][681]LogModuleManager: Shutting down and abandoning module AnimationBlueprintEditor (530)
[2020.04.07-19.06.48:348][681]LogModuleManager: Shutting down and abandoning module Persona (528)
[2020.04.07-19.06.48:348][681]LogModuleManager: Shutting down and abandoning module AdvancedPreviewScene (527)
[2020.04.07-19.06.48:348][681]LogModuleManager: Shutting down and abandoning module AnimGraph (525)
[2020.04.07-19.06.48:348][681]LogModuleManager: Shutting down and abandoning module Kismet (522)
[2020.04.07-19.06.48:354][681]LogModuleManager: Shutting down and abandoning module KismetWidgets (521)
[2020.04.07-19.06.48:354][681]LogModuleManager: Shutting down and abandoning module GraphEditor (518)
[2020.04.07-19.06.48:354][681]LogModuleManager: Shutting down and abandoning module StructViewer (516)
[2020.04.07-19.06.48:354][681]LogModuleManager: Shutting down and abandoning module ClassViewer (514)
[2020.04.07-19.06.48:354][681]LogModuleManager: Shutting down and abandoning module Toolbox (512)
[2020.04.07-19.06.48:354][681]LogModuleManager: Shutting down and abandoning module ModuleUI (510)
[2020.04.07-19.06.48:354][681]LogModuleManager: Shutting down and abandoning module OutputLog (508)
[2020.04.07-19.06.48:354][681]LogModuleManager: Shutting down and abandoning module GammaUI (506)
[2020.04.07-19.06.48:354][681]LogModuleManager: Shutting down and abandoning module Documentation (504)
[2020.04.07-19.06.48:354][681]LogModuleManager: Shutting down and abandoning module ToolMenus (502)
[2020.04.07-19.06.48:354][681]LogModuleManager: Shutting down and abandoning module LiveCoding (500)
[2020.04.07-19.06.48:354][681]LogModuleManager: Shutting down and abandoning module LevelSequence (498)
[2020.04.07-19.06.48:354][681]LogModuleManager: Shutting down and abandoning module MovieSceneTracks (496)
[2020.04.07-19.06.48:354][681]LogModuleManager: Shutting down and abandoning module MovieScene (494)
[2020.04.07-19.06.48:354][681]LogModuleManager: Shutting down and abandoning module StreamingPauseRendering (492)
[2020.04.07-19.06.48:354][681]LogModuleManager: Shutting down and abandoning module LauncherPlatform (490)
[2020.04.07-19.06.48:354][681]LogModuleManager: Shutting down and abandoning module AnalyticsET (488)
[2020.04.07-19.06.48:354][681]LogModuleManager: Shutting down and abandoning module PortalServices (486)
[2020.04.07-19.06.48:354][681]LogModuleManager: Shutting down and abandoning module PortalRpc (484)
[2020.04.07-19.06.48:354][681]LogModuleManager: Shutting down and abandoning module MessagingRpc (482)
[2020.04.07-19.06.48:354][681]LogModuleManager: Shutting down and abandoning module AudioMixerXAudio2 (480)
[2020.04.07-19.06.48:354][681]LogModuleManager: Shutting down and abandoning module AIModule (478)
[2020.04.07-19.06.48:354][681]LogModuleManager: Shutting down and abandoning module GameplayDebugger (477)
[2020.04.07-19.06.48:354][681]LogModuleManager: Shutting down and abandoning module AITestSuite (475)
[2020.04.07-19.06.48:354][681]LogModuleManager: Shutting down and abandoning module NavigationSystem (473)
[2020.04.07-19.06.48:354][681]LogModuleManager: Shutting down and abandoning module ImageWriteQueue (470)
[2020.04.07-19.06.48:357][681]LogModuleManager: Shutting down and abandoning module ProfilerService (468)
[2020.04.07-19.06.48:597][681]LogModuleManager: Shutting down and abandoning module TaskGraph (466)
[2020.04.07-19.06.48:597][681]LogModuleManager: Shutting down and abandoning module ScreenshotTools (464)
[2020.04.07-19.06.48:597][681]LogModuleManager: Shutting down and abandoning module ProceduralMeshComponentEditor (462)
[2020.04.07-19.06.48:597][681]LogModuleManager: Shutting down and abandoning module ProceduralMeshComponent (460)
[2020.04.07-19.06.48:597][681]LogModuleManager: Shutting down and abandoning module OculusEditor (458)
[2020.04.07-19.06.48:597][681]LogModuleManager: Shutting down and abandoning module OculusInput (456)
[2020.04.07-19.06.48:597][681]LogModuleManager: Shutting down and abandoning module MobilePatchingUtils (454)
[2020.04.07-19.06.48:597][681]LogModuleManager: Shutting down and abandoning module EditableMesh (452)
[2020.04.07-19.06.48:597][681]LogModuleManager: Shutting down and abandoning module CustomMeshComponent (450)
[2020.04.07-19.06.48:597][681]LogModuleManager: Shutting down and abandoning module CableComponent (448)
[2020.04.07-19.06.48:597][681]LogModuleManager: Shutting down and abandoning module AudioCapture (446)
[2020.04.07-19.06.48:597][681]LogModuleManager: Shutting down and abandoning module AudioCaptureRtAudio (445)
[2020.04.07-19.06.48:597][681]LogModuleManager: Shutting down and abandoning module AssetTags (442)
[2020.04.07-19.06.48:598][681]LogModuleManager: Shutting down and abandoning module ArchVisCharacter (440)
[2020.04.07-19.06.48:598][681]LogModuleManager: Shutting down and abandoning module AppleImageUtilsBlueprintSupport (438)
[2020.04.07-19.06.48:598][681]LogModuleManager: Shutting down and abandoning module AppleImageUtils (436)
[2020.04.07-19.06.48:598][681]LogModuleManager: Shutting down and abandoning module AndroidPermission (434)
[2020.04.07-19.06.48:598][681]LogModuleManager: Shutting down and abandoning module NUTUnrealEngine4 (432)
[2020.04.07-19.06.48:598][681]LogModuleManager: Shutting down and abandoning module NetcodeUnitTest (430)
[2020.04.07-19.06.48:598][681]LogModuleManager: Shutting down and abandoning module MediaCompositing (428)
[2020.04.07-19.06.48:598][681]LogModuleManager: Shutting down and abandoning module ImgMedia (426)
[2020.04.07-19.06.48:598][681]LogModuleManager: Shutting down and abandoning module MagicLeapHelperVulkan (424)
[2020.04.07-19.06.48:598][681]LogModuleManager: Shutting down and abandoning module MagicLeapHelperOpenGL (422)
[2020.04.07-19.06.48:598][681]LogModuleManager: Shutting down and abandoning module MagicLeapAudio (420)
[2020.04.07-19.06.48:598][681]LogModuleManager: Shutting down and abandoning module NiagaraEditorWidgets (418)
[2020.04.07-19.06.48:598][681]LogModuleManager: Shutting down and abandoning module GeometryCacheTracks (416)
[2020.04.07-19.06.48:598][681]LogModuleManager: Shutting down and abandoning module GeometryCacheSequencer (414)
[2020.04.07-19.06.48:598][681]LogModuleManager: Shutting down and abandoning module BackChannel (412)
[2020.04.07-19.06.48:598][681]LogModuleManager: Shutting down and abandoning module AutomationUtilsEditor (410)
[2020.04.07-19.06.48:598][681]LogModuleManager: Shutting down and abandoning module AutomationUtils (408)
[2020.04.07-19.06.48:598][681]LogModuleManager: Shutting down and abandoning module AlembicImporter (406)
[2020.04.07-19.06.48:598][681]LogModuleManager: Shutting down and abandoning module AlembicLibrary (405)
[2020.04.07-19.06.48:598][681]LogModuleManager: Shutting down and abandoning module GeometryCache (404)
[2020.04.07-19.06.48:598][681]LogModuleManager: Shutting down and abandoning module GeometryCacheEd (403)
[2020.04.07-19.06.48:598][681]LogModuleManager: Shutting down and abandoning module VariantManagerContentEditor (398)
[2020.04.07-19.06.48:598][681]LogModuleManager: Shutting down and abandoning module DatasmithContentEditor (396)
[2020.04.07-19.06.48:598][681]LogModuleManager: Shutting down and abandoning module SpeedTreeImporter (394)
[2020.04.07-19.06.48:598][681]LogModuleManager: Shutting down and abandoning module PluginBrowser (392)
[2020.04.07-19.06.48:598][681]LogModuleManager: Shutting down and abandoning module MobileLauncherProfileWizard (390)
[2020.04.07-19.06.48:598][681]LogModuleManager: Shutting down and abandoning module MaterialAnalyzer (388)
[2020.04.07-19.06.48:598][681]LogModuleManager: Shutting down and abandoning module CurveEditorTools (386)
[2020.04.07-19.06.48:598][681]LogModuleManager: Shutting down and abandoning module CryptoKeysOpenSSL (384)
[2020.04.07-19.06.48:598][681]LogModuleManager: Shutting down and abandoning module CryptoKeys (382)
[2020.04.07-19.06.48:598][681]LogModuleManager: Shutting down and abandoning module VisualStudioSourceCodeAccess (380)
[2020.04.07-19.06.48:598][681]LogModuleManager: Shutting down and abandoning module VisualStudioCodeSourceCodeAccess (378)
[2020.04.07-19.06.48:598][681]LogModuleManager: Shutting down and abandoning module UObjectPlugin (376)
[2020.04.07-19.06.48:598][681]LogModuleManager: Shutting down and abandoning module SubversionSourceControl (374)
[2020.04.07-19.06.48:598][681]LogModuleManager: Shutting down and abandoning module PlasticSourceControl (372)
[2020.04.07-19.06.48:598][681]LogModuleManager: Shutting down and abandoning module PerforceSourceControl (370)
[2020.04.07-19.06.48:598][681]LogModuleManager: Shutting down and abandoning module GitSourceControl (368)
[2020.04.07-19.06.48:598][681]LogModuleManager: Shutting down and abandoning module SourceControl (367)
[2020.04.07-19.06.48:598][681]LogModuleManager: Shutting down and abandoning module CLionSourceCodeAccess (364)
[2020.04.07-19.06.48:598][681]LogModuleManager: Shutting down and abandoning module AnimationSharingEd (362)
[2020.04.07-19.06.48:598][681]LogModuleManager: Shutting down and abandoning module ActorLayerUtilitiesEditor (360)
[2020.04.07-19.06.48:598][681]LogModuleManager: Shutting down and abandoning module ActorLayerUtilities (358)
[2020.04.07-19.06.48:598][681]LogModuleManager: Shutting down and abandoning module LightPropagationVolumeEditor (356)
[2020.04.07-19.06.48:598][681]LogModuleManager: Shutting down and abandoning module PaperTiledImporter (354)
[2020.04.07-19.06.48:598][681]LogModuleManager: Shutting down and abandoning module PaperSpriteSheetImporter (352)
[2020.04.07-19.06.48:598][681]LogModuleManager: Shutting down and abandoning module Paper2DEditor (350)
[2020.04.07-19.06.48:598][681]LogModuleManager: Shutting down and abandoning module SignificanceManager (348)
[2020.04.07-19.06.48:598][681]LogModuleManager: Shutting down and abandoning module RuntimePhysXCooking (346)
[2020.04.07-19.06.48:598][681]LogModuleManager: Shutting down and abandoning module PhysXVehiclesEditor (344)
[2020.04.07-19.06.48:598][681]LogModuleManager: Shutting down and abandoning module LocationServicesBPLibrary (340)
[2020.04.07-19.06.48:598][681]LogModuleManager: Shutting down and abandoning module ActorSequence (338)
[2020.04.07-19.06.48:599][681]LogModuleManager: Shutting down and abandoning module UdpMessaging (336)
[2020.04.07-19.06.48:699][681]LogModuleManager: Shutting down and abandoning module TcpMessaging (334)
[2020.04.07-19.06.48:799][681]LogModuleManager: Shutting down and abandoning module MagicLeapPrivileges (332)
[2020.04.07-19.06.48:799][681]LogModuleManager: Shutting down and abandoning module MagicLeapPlanes (330)
[2020.04.07-19.06.48:799][681]LogMagicLeapPlanes: Planes tracker already destroyed.
[2020.04.07-19.06.48:799][681]LogModuleManager: Shutting down and abandoning module MagicLeapIdentity (328)
[2020.04.07-19.06.48:799][681]LogModuleManager: Shutting down and abandoning module MagicLeapSecureStorage (326)
[2020.04.07-19.06.48:799][681]LogModuleManager: Shutting down and abandoning module MagicLeapImageTracker (324)
[2020.04.07-19.06.48:799][681]LogModuleManager: Shutting down and abandoning module MagicLeapHandTracking (322)
[2020.04.07-19.06.48:799][681]LogModuleManager: Shutting down and abandoning module MagicLeapHandMeshing (320)
[2020.04.07-19.06.48:799][681]LogModuleManager: Shutting down and abandoning module MagicLeapEyeTracker (318)
[2020.04.07-19.06.48:799][681]LogModuleManager: Shutting down and abandoning module MagicLeapController (316)
[2020.04.07-19.06.48:799][681]LogSlate: Slate User Destroyed.  User Index 0, Is Virtual User: 0
[2020.04.07-19.06.48:799][681]LogModuleManager: Shutting down and abandoning module MagicLeapARPin (314)
[2020.04.07-19.06.48:799][681]LogModuleManager: Shutting down and abandoning module MagicLeapAR (312)
[2020.04.07-19.06.48:799][681]LogModuleManager: Shutting down and abandoning module AugmentedReality (311)
[2020.04.07-19.06.48:799][681]LogModuleManager: Shutting down and abandoning module NiagaraAnimNotifies (308)
[2020.04.07-19.06.48:799][681]LogModuleManager: Shutting down and abandoning module Niagara (306)
[2020.04.07-19.06.48:799][681]LogModuleManager: Shutting down and abandoning module NiagaraEditor (305)
[2020.04.07-19.06.48:799][681]LogModuleManager: Shutting down and abandoning module NiagaraCore (302)
[2020.04.07-19.06.48:799][681]LogModuleManager: Shutting down and abandoning module GameplayTagsEditor (300)
[2020.04.07-19.06.48:799][681]LogModuleManager: Shutting down and abandoning module FacialAnimationEditor (298)
[2020.04.07-19.06.48:799][681]LogModuleManager: Shutting down and abandoning module FacialAnimation (296)
[2020.04.07-19.06.48:799][681]LogModuleManager: Shutting down and abandoning module DataValidation (294)
[2020.04.07-19.06.48:799][681]LogModuleManager: Shutting down and abandoning module AssetManagerEditor (292)
[2020.04.07-19.06.48:799][681]LogModuleManager: Shutting down and abandoning module LevelEditor (291)
[2020.04.07-19.06.48:800][681]LogModuleManager: Shutting down and abandoning module PixelInspectorModule (290)
[2020.04.07-19.06.48:800][681]LogModuleManager: Shutting down and abandoning module CommonMenuExtensions (288)
[2020.04.07-19.06.48:800][681]LogModuleManager: Shutting down and abandoning module MainFrame (286)
[2020.04.07-19.06.48:800][681]LogModuleManager: Shutting down and abandoning module HotReload (285)
[2020.04.07-19.06.48:804][681]LogModuleManager: Shutting down and abandoning module ContentBrowser (281)
[2020.04.07-19.06.48:805][681]LogModuleManager: Shutting down and abandoning module TreeMap (279)
[2020.04.07-19.06.48:805][681]LogModuleManager: Shutting down and abandoning module AnimationSharing (276)
[2020.04.07-19.06.48:805][681]LogModuleManager: Shutting down and abandoning module LightPropagationVolumeRuntime (274)
[2020.04.07-19.06.48:805][681]LogModuleManager: Shutting down and abandoning module Paper2D (272)
[2020.04.07-19.06.48:805][681]LogModuleManager: Shutting down and abandoning module WindowsMoviePlayer (270)
[2020.04.07-19.06.48:807][681]LogModuleManager: Shutting down and abandoning module WebMMoviePlayer (268)
[2020.04.07-19.06.48:807][681]LogModuleManager: Shutting down and abandoning module NetworkReplayStreaming (266)
[2020.04.07-19.06.48:807][681]LogModuleManager: Shutting down and abandoning module PacketHandler (264)
[2020.04.07-19.06.48:807][681]LogModuleManager: Shutting down and abandoning module ClothingSystemEditor (262)
[2020.04.07-19.06.48:807][681]LogModuleManager: Shutting down and abandoning module ClothingSystemRuntimeNv (260)
[2020.04.07-19.06.48:807][681]LogModuleManager: Shutting down and abandoning module MediaAssets (258)
[2020.04.07-19.06.48:807][681]LogModuleManager: Shutting down and abandoning module Overlay (256)
[2020.04.07-19.06.48:807][681]LogModuleManager: Shutting down and abandoning module OverlayEditor (255)
[2020.04.07-19.06.48:807][681]LogModuleManager: Shutting down and abandoning module VREditor (252)
[2020.04.07-19.06.48:807][681]LogModuleManager: Shutting down and abandoning module StringTableEditor (250)
[2020.04.07-19.06.48:807][681]LogModuleManager: Shutting down and abandoning module GameplayTasksEditor (248)
[2020.04.07-19.06.48:807][681]LogModuleManager: Shutting down and abandoning module BehaviorTreeEditor (246)
[2020.04.07-19.06.48:807][681]LogModuleManager: Shutting down and abandoning module FunctionalTesting (244)
[2020.04.07-19.06.48:807][681]LogModuleManager: Shutting down and abandoning module CollisionAnalyzer (242)
[2020.04.07-19.06.48:808][681]LogModuleManager: Shutting down and abandoning module WorkspaceMenuStructure (241)
[2020.04.07-19.06.48:808][681]LogModuleManager: Shutting down and abandoning module UMG (238)
[2020.04.07-19.06.48:808][681]LogModuleManager: Shutting down and abandoning module UMGEditor (237)
[2020.04.07-19.06.48:808][681]LogModuleManager: Shutting down and abandoning module MessageLog (235)
[2020.04.07-19.06.48:808][681]LogModuleManager: Shutting down and abandoning module SlateReflector (230)
[2020.04.07-19.06.48:808][681]LogModuleManager: Shutting down and abandoning module Slate (228)
[2020.04.07-19.06.48:808][681]LogModuleManager: Shutting down and abandoning module SlateCore (226)
[2020.04.07-19.06.48:808][681]LogModuleManager: Shutting down and abandoning module LandscapeEditorUtilities (224)
[2020.04.07-19.06.48:808][681]LogModuleManager: Shutting down and abandoning module UnrealEd (222)
[2020.04.07-19.06.48:808][681]LogModuleManager: Shutting down and abandoning module MRMesh (220)
[2020.04.07-19.06.48:808][681]LogModuleManager: Shutting down and abandoning module SourceCodeAccess (218)
[2020.04.07-19.06.48:808][681]LogModuleManager: Shutting down and abandoning module HeadMountedDisplay (216)
[2020.04.07-19.06.48:808][681]LogModuleManager: Shutting down and abandoning module XAudio2 (214)
[2020.04.07-19.06.48:808][681]LogModuleManager: Shutting down and abandoning module Networking (212)
[2020.04.07-19.06.48:808][681]LogModuleManager: Shutting down and abandoning module Core (210)
[2020.04.07-19.06.48:808][681]LogModuleManager: Shutting down and abandoning module MovieSceneTools (208)
[2020.04.07-19.06.48:808][681]LogModuleManager: Shutting down and abandoning module CurveEditor (207)
[2020.04.07-19.06.48:808][681]LogModuleManager: Shutting down and abandoning module Sequencer (205)
[2020.04.07-19.06.48:808][681]LogModuleManager: Shutting down and abandoning module EditorStyle (204)
[2020.04.07-19.06.48:809][681]LogModuleManager: Shutting down and abandoning module KismetCompiler (200)
[2020.04.07-19.06.48:809][681]LogModuleManager: Shutting down and abandoning module MeshUtilities (198)
[2020.04.07-19.06.48:809][681]LogModuleManager: Shutting down and abandoning module MeshMergeUtilities (197)
[2020.04.07-19.06.48:809][681]LogModuleManager: Shutting down and abandoning module MeshReductionInterface (196)
[2020.04.07-19.06.48:809][681]LogModuleManager: Shutting down and abandoning module MeshBoneReduction (195)
[2020.04.07-19.06.48:809][681]LogModuleManager: Shutting down and abandoning module SkeletalMeshReduction (193)
[2020.04.07-19.06.48:809][681]LogModuleManager: Shutting down and abandoning module ProxyLODMeshReduction (191)
[2020.04.07-19.06.48:809][681]LogModuleManager: Shutting down and abandoning module QuadricMeshReduction (189)
[2020.04.07-19.06.48:809][681]LogModuleManager: Shutting down and abandoning module MaterialBaking (185)
[2020.04.07-19.06.48:809][681]LogModuleManager: Shutting down and abandoning module NullInstallBundleManager (180)
[2020.04.07-19.06.48:809][681]LogModuleManager: Shutting down and abandoning module DerivedDataCache (178)
[2020.04.07-19.06.48:809][681]LogDerivedDataCache: Shutdown
[2020.04.07-19.06.48:809][681]LogModuleManager: Shutting down and abandoning module XGEController (176)
[2020.04.07-19.06.48:809][681]LogXGEController: Cleaning working directory: C:/Users/gabri/AppData/Local/Temp/UnrealXGEWorkingDir/
[2020.04.07-19.06.48:810][681]LogModuleManager: Shutting down and abandoning module TargetPlatform (174)
[2020.04.07-19.06.48:810][681]LogModuleManager: Shutting down and abandoning module VulkanShaderFormat (173)
[2020.04.07-19.06.48:810][681]LogModuleManager: Shutting down and abandoning module ShaderFormatVectorVM (171)
[2020.04.07-19.06.48:810][681]LogModuleManager: Shutting down and abandoning module ShaderFormatOpenGL (169)
[2020.04.07-19.06.48:810][681]LogModuleManager: Shutting down and abandoning module ShaderFormatD3D (167)
[2020.04.07-19.06.48:810][681]LogModuleManager: Shutting down and abandoning module MetalShaderFormat (165)
[2020.04.07-19.06.48:810][681]LogModuleManager: Shutting down and abandoning module TextureFormatUncompressed (163)
[2020.04.07-19.06.48:810][681]LogModuleManager: Shutting down and abandoning module TextureFormatPVR (161)
[2020.04.07-19.06.48:810][681]LogModuleManager: Shutting down and abandoning module TextureFormatDXT (159)
[2020.04.07-19.06.48:810][681]LogModuleManager: Shutting down and abandoning module TextureFormatIntelISPCTexComp (157)
[2020.04.07-19.06.48:810][681]LogModuleManager: Shutting down and abandoning module TextureFormatASTC (155)
[2020.04.07-19.06.48:810][681]LogModuleManager: Shutting down and abandoning module ImageWrapper (154)
[2020.04.07-19.06.48:810][681]LogModuleManager: Shutting down and abandoning module TextureFormatAndroid (151)
[2020.04.07-19.06.48:810][681]LogModuleManager: Shutting down and abandoning module AudioFormatOpus (149)
[2020.04.07-19.06.48:810][681]LogModuleManager: Shutting down and abandoning module AudioFormatOgg (147)
[2020.04.07-19.06.48:810][681]LogModuleManager: Shutting down and abandoning module AudioFormatADPCM (145)
[2020.04.07-19.06.48:810][681]LogModuleManager: Shutting down and abandoning module WindowsServerTargetPlatform (143)
[2020.04.07-19.06.48:810][681]LogModuleManager: Shutting down and abandoning module WindowsClientTargetPlatform (141)
[2020.04.07-19.06.48:810][681]LogModuleManager: Shutting down and abandoning module WindowsTargetPlatform (139)
[2020.04.07-19.06.48:810][681]LogModuleManager: Shutting down and abandoning module WindowsNoEditorTargetPlatform (137)
[2020.04.07-19.06.48:810][681]LogModuleManager: Shutting down and abandoning module TVOSTargetPlatform (135)
[2020.04.07-19.06.48:811][681]LogModuleManager: Shutting down and abandoning module LuminTargetPlatform (133)
[2020.04.07-19.06.48:812][681]LogModuleManager: Shutting down and abandoning module LinuxAArch64ServerTargetPlatform (131)
[2020.04.07-19.06.48:812][681]LogModuleManager: Shutting down and abandoning module LinuxAArch64ClientTargetPlatform (129)
[2020.04.07-19.06.48:812][681]LogModuleManager: Shutting down and abandoning module LinuxAArch64NoEditorTargetPlatform (127)
[2020.04.07-19.06.48:812][681]LogModuleManager: Shutting down and abandoning module LinuxServerTargetPlatform (125)
[2020.04.07-19.06.48:812][681]LogModuleManager: Shutting down and abandoning module LinuxClientTargetPlatform (123)
[2020.04.07-19.06.48:812][681]LogModuleManager: Shutting down and abandoning module LinuxNoEditorTargetPlatform (121)
[2020.04.07-19.06.48:812][681]LogModuleManager: Shutting down and abandoning module Messaging (119)
[2020.04.07-19.06.48:812][681]LogModuleManager: Shutting down and abandoning module IOSTargetPlatform (117)
[2020.04.07-19.06.48:812][681]LogModuleManager: Shutting down and abandoning module AndroidTargetPlatform (115)
[2020.04.07-19.06.48:816][681]LogModuleManager: Shutting down and abandoning module AllDesktopTargetPlatform (113)
[2020.04.07-19.06.48:816][681]LogModuleManager: Shutting down and abandoning module InputCore (110)
[2020.04.07-19.06.48:817][681]LogModuleManager: Shutting down and abandoning module Settings (108)
[2020.04.07-19.06.48:817][681]LogModuleManager: Shutting down and abandoning module DirectoryWatcher (106)
[2020.04.07-19.06.48:817][681]LogModuleManager: Shutting down and abandoning module PhysXCooking (104)
[2020.04.07-19.06.48:817][681]LogModuleManager: Shutting down and abandoning module ChaosSolvers (102)
[2020.04.07-19.06.48:818][681]LogModuleManager: Shutting down and abandoning module FieldSystemEngine (101)
[2020.04.07-19.06.48:818][681]LogModuleManager: Shutting down and abandoning module Chaos (98)
[2020.04.07-19.06.48:818][681]LogModuleManager: Shutting down and abandoning module WindowsPlatformFeatures (96)
[2020.04.07-19.06.48:818][681]LogModuleManager: Shutting down and abandoning module GameplayMediaEncoder (95)
[2020.04.07-19.06.48:818][681]LogModuleManager: Shutting down and abandoning module SteamVRInputDevice (92)
[2020.04.07-19.06.48:818][681]LogModuleManager: Shutting down and abandoning module SteamVRInput (90)
[2020.04.07-19.06.48:818][681]LogModuleManager: Shutting down and abandoning module SteamVR (88)
[2020.04.07-19.06.48:818][681]LogHMD: Freeing OpenVRDLLHandle.
[2020.04.07-19.06.48:818][681]LogModuleManager: Shutting down and abandoning module OculusHMD (86)
[2020.04.07-19.06.48:818][681]LogModuleManager: Shutting down and abandoning module ExampleDeviceProfileSelector (84)
[2020.04.07-19.06.48:818][681]LogModuleManager: Shutting down and abandoning module LauncherChunkInstaller (82)
[2020.04.07-19.06.48:818][681]LogModuleManager: Shutting down and abandoning module OnlineBlueprintSupport (80)
[2020.04.07-19.06.48:818][681]LogModuleManager: Shutting down and abandoning module OnlineSubsystem (76)
[2020.04.07-19.06.48:819][681]LogModuleManager: Shutting down and abandoning module XMPP (71)
[2020.04.07-19.06.48:819][681]LogModuleManager: Shutting down and abandoning module WebSockets (70)
[2020.04.07-19.06.48:848][681]LogModuleManager: Shutting down and abandoning module HTTP (67)
[2020.04.07-19.06.48:848][681]LogHttp: Display: Http module shutting down, but needs to wait on 1 outstanding Http requests:
[2020.04.07-19.06.48:848][681]LogHttp: Display: 	verb=[POST] url=[https://datarouter.ol.epicgames.com/datarouter/api/v1/public/data?SessionID=%7B85B93666-420B-A4CB-08E9-928045BA0184%7D&AppID=UEEditor.Rocket.Release&AppVersion=4.24.3-11590370%2B%2B%2BUE4%2BRelease-4.24&UserID=33538073437d7442f47193a0990ae675%7Cdef705fd9d374ef39a4fe501607b800b%7Cc464cf6e-1097-4025-be9b-475cd2c94f67&AppEnvironment=datacollector-binary&UploadType=eteventstream] refs=[1] status=Processing
[2020.04.07-19.06.48:882][681]LogModuleManager: Shutting down and abandoning module SSL (66)
[2020.04.07-19.06.48:883][681]LogModuleManager: Shutting down and abandoning module WmfMedia (62)
[2020.04.07-19.06.48:884][681]LogModuleManager: Shutting down and abandoning module Media (61)
[2020.04.07-19.06.48:884][681]LogModuleManager: Shutting down and abandoning module MagicLeap (58)
[2020.04.07-19.06.48:884][681]LogModuleManager: Shutting down and abandoning module NiagaraVertexFactories (56)
[2020.04.07-19.06.48:884][681]LogModuleManager: Shutting down and abandoning module NiagaraShader (54)
[2020.04.07-19.06.48:884][681]LogModuleManager: Shutting down and abandoning module VariantManagerContent (52)
[2020.04.07-19.06.48:884][681]LogModuleManager: Shutting down and abandoning module DatasmithContent (50)
[2020.04.07-19.06.48:937][681]LogModuleManager: Shutting down and abandoning module AISupportModule (48)
[2020.04.07-19.06.48:937][681]LogModuleManager: Shutting down and abandoning module DesktopPlatform (46)
[2020.04.07-19.06.48:937][681]LogModuleManager: Shutting down and abandoning module PlatformCryptoOpenSSL (44)
[2020.04.07-19.06.48:937][681]LogModuleManager: Shutting down and abandoning module PlatformCryptoTypes (42)
[2020.04.07-19.06.48:937][681]LogModuleManager: Shutting down and abandoning module PlatformCrypto (40)
[2020.04.07-19.06.48:937][681]LogModuleManager: Shutting down and abandoning module AnimationModifiers (38)
[2020.04.07-19.06.48:937][681]LogModuleManager: Shutting down and abandoning module PropertyEditor (37)
[2020.04.07-19.06.48:937][681]LogModuleManager: Shutting down and abandoning module AudioEditor (34)
[2020.04.07-19.06.48:937][681]LogModuleManager: Shutting down and abandoning module TextureCompressor (32)
[2020.04.07-19.06.48:937][681]LogModuleManager: Shutting down and abandoning module RenderCore (30)
[2020.04.07-19.06.48:938][681]LogModuleManager: Shutting down and abandoning module Landscape (28)
[2020.04.07-19.06.48:938][681]LogModuleManager: Shutting down and abandoning module SlateRHIRenderer (26)
[2020.04.07-19.06.48:938][681]LogModuleManager: Shutting down and abandoning module OpenGLDrv (24)
[2020.04.07-19.06.48:938][681]LogModuleManager: Shutting down and abandoning module D3D11RHI (22)
[2020.04.07-19.06.48:938][681]LogModuleManager: Shutting down and abandoning module AnimGraphRuntime (20)
[2020.04.07-19.06.48:938][681]LogModuleManager: Shutting down and abandoning module Renderer (18)
[2020.04.07-19.06.48:939][681]LogModuleManager: Shutting down and abandoning module Engine (16)
[2020.04.07-19.06.48:939][681]LogModuleManager: Shutting down and abandoning module CoreUObject (14)
[2020.04.07-19.06.48:939][681]LogModuleManager: Shutting down and abandoning module NetworkFile (12)
[2020.04.07-19.06.48:939][681]LogModuleManager: Shutting down and abandoning module CookedIterativeFile (10)
[2020.04.07-19.06.48:939][681]LogModuleManager: Shutting down and abandoning module StreamingFile (8)
[2020.04.07-19.06.48:939][681]LogModuleManager: Shutting down and abandoning module SandboxFile (6)
[2020.04.07-19.06.48:939][681]LogModuleManager: Shutting down and abandoning module PakFile (4)
[2020.04.07-19.06.48:939][681]LogModuleManager: Shutting down and abandoning module RSA (3)
[2020.04.07-19.06.48:939][681]LogD3D11RHI: Shutdown
[2020.04.07-19.06.48:939][681]LogD3D11RHI: CleanupD3DDevice
[2020.04.07-19.06.48:964][681]LogExit: Exiting.
[2020.04.07-19.06.49:172][681]Log file closed, 04/07/20 20:06:49
